<?xml version="1.0" encoding="UTF-8"?>
<TestRun id="37d7b5e0-8791-4095-a687-aab49929d620" name="mcsajjan@MCSAJJAN-PC 2015-02-01 14:17:59" runUser="mcsajjan-PC\mcsajjan" xmlns="http://microsoft.com/schemas/VisualStudio/TeamTest/2010">
  <TestSettings name="Local" id="1c2ea94c-a709-4dbc-9351-8217ff832792">
    <Description>These are default test settings for a local test run.</Description>
    <Deployment enabled="false" runDeploymentRoot="mcsajjan_MCSAJJAN-PC 2015-02-01 14_17_59">
      <DeploymentItem filename="D:\Office\SamplePrograms\Test Driven Development\ThoughtWorks\PureTDD\MarsRovers - Refactored\MarsRovers.CommandCenter\bin\Debug\MarsRovers.CommandCenter.dll" />
      <DeploymentItem filename="D:\Office\SamplePrograms\Test Driven Development\ThoughtWorks\PureTDD\MarsRovers - Refactored\MarsRovers\bin\Debug\MarsRovers.exe" />
    </Deployment>
    <Execution>
      <TestTypeSpecific />
      <AgentRule name="Execution Agents">
      </AgentRule>
    </Execution>
  </TestSettings>
  <Times creation="2015-02-01T14:17:59.7204532+05:30" queuing="2015-02-01T14:18:01.1025323+05:30" start="2015-02-01T14:18:01.1355341+05:30" finish="2015-02-01T14:18:29.8561769+05:30" />
  <ResultSummary outcome="Error">
    <Counters total="16" executed="1" error="0" failed="0" timeout="0" aborted="1" inconclusive="0" passedButRunAborted="0" notRunnable="0" notExecuted="15" disconnected="0" warning="0" passed="0" completed="0" inProgress="0" pending="0" />
    <RunInfos>
      <RunInfo computerName="MCSAJJAN-PC" outcome="Error" timestamp="2015-02-01T14:18:29.8541768+05:30">
        <Text>Test host process exited unexpectedly.</Text>
      </RunInfo>
    </RunInfos>
  </ResultSummary>
  <TestDefinitions>
    <UnitTest name="RunMarsRoverForInitialPosition12NAndCommandInstructionL" storage="d:\office\sampleprograms\test driven development\thoughtworks\puretdd\marsrovers - refactored\tests\marsrovers.commandcenter.tests\bin\debug\marsrovers.commandcenter.tests.dll" id="6add42ec-d937-f62b-2021-e77365dd7357">
      <Description>Rum Mars rover for the initial position 12N and commandinstruction L</Description>
      <Execution id="35841165-e259-41fe-9e4e-5c7e74065788" />
      <TestMethod codeBase="D:/Office/SamplePrograms/Test Driven Development/ThoughtWorks/PureTDD/MarsRovers - Refactored/Tests/MarsRovers.CommandCenter.Tests/bin/Debug/MarsRovers.CommandCenter.Tests.DLL" adapterTypeName="Microsoft.VisualStudio.TestTools.TestTypes.Unit.UnitTestAdapter, Microsoft.VisualStudio.QualityTools.Tips.UnitTest.Adapter, Version=10.0.0.0, Culture=neutral, PublicKeyToken=b03f5f7f11d50a3a" className="MarsRovers.CommandCenter.Tests.MarsRoverTest, MarsRovers.CommandCenter.Tests, Version=1.0.0.0, Culture=neutral, PublicKeyToken=null" name="RunMarsRoverForInitialPosition12NAndCommandInstructionL" />
    </UnitTest>
    <UnitTest name="RunMarsRoverForInitialPosition12NAndCommandInstructionLMMR" storage="d:\office\sampleprograms\test driven development\thoughtworks\puretdd\marsrovers - refactored\tests\marsrovers.commandcenter.tests\bin\debug\marsrovers.commandcenter.tests.dll" id="a48b6e19-9c60-2421-3254-b5acc0b0be30">
      <Description>Rum Mars rover for the initial position 12N and commandinstruction LMMR</Description>
      <Execution id="4e5db407-c81f-44e1-822f-f93af53662ff" />
      <TestMethod codeBase="D:/Office/SamplePrograms/Test Driven Development/ThoughtWorks/PureTDD/MarsRovers - Refactored/Tests/MarsRovers.CommandCenter.Tests/bin/Debug/MarsRovers.CommandCenter.Tests.DLL" adapterTypeName="Microsoft.VisualStudio.TestTools.TestTypes.Unit.UnitTestAdapter, Microsoft.VisualStudio.QualityTools.Tips.UnitTest.Adapter, Version=10.0.0.0, Culture=neutral, PublicKeyToken=b03f5f7f11d50a3a" className="MarsRovers.CommandCenter.Tests.MarsRoverTest, MarsRovers.CommandCenter.Tests, Version=1.0.0.0, Culture=neutral, PublicKeyToken=null" name="RunMarsRoverForInitialPosition12NAndCommandInstructionLMMR" />
    </UnitTest>
    <UnitTest name="RunMarsRoverForInitialPosition12NAndCommandInstructionRRMMMR" storage="d:\office\sampleprograms\test driven development\thoughtworks\puretdd\marsrovers - refactored\tests\marsrovers.commandcenter.tests\bin\debug\marsrovers.commandcenter.tests.dll" id="e246197b-4e65-e6f8-8825-4f0c123a19fa">
      <Description>Rum Mars rover for the initial position 12N and commandinstruction RRMMMR</Description>
      <Execution id="1d7e78be-5d26-4dc0-8eb6-273249bfb68e" />
      <TestMethod codeBase="D:/Office/SamplePrograms/Test Driven Development/ThoughtWorks/PureTDD/MarsRovers - Refactored/Tests/MarsRovers.CommandCenter.Tests/bin/Debug/MarsRovers.CommandCenter.Tests.DLL" adapterTypeName="Microsoft.VisualStudio.TestTools.TestTypes.Unit.UnitTestAdapter, Microsoft.VisualStudio.QualityTools.Tips.UnitTest.Adapter, Version=10.0.0.0, Culture=neutral, PublicKeyToken=b03f5f7f11d50a3a" className="MarsRovers.CommandCenter.Tests.MarsRoverTest, MarsRovers.CommandCenter.Tests, Version=1.0.0.0, Culture=neutral, PublicKeyToken=null" name="RunMarsRoverForInitialPosition12NAndCommandInstructionRRMMMR" />
    </UnitTest>
    <UnitTest name="CanaryTest" storage="d:\office\sampleprograms\test driven development\thoughtworks\puretdd\marsrovers - refactored\tests\marsrovers.functional.tests\bin\debug\marsrovers.functional.tests.dll" id="36ed5da5-079c-87f0-147c-812e0ec9733a">
      <Execution id="be6bd31c-8dee-42dc-b45b-51b193379040" />
      <TestMethod codeBase="D:/Office/SamplePrograms/Test Driven Development/ThoughtWorks/PureTDD/MarsRovers - Refactored/Tests/MarsRovers.Functional.Tests/bin/Debug/MarsRovers.Functional.Tests.DLL" adapterTypeName="Microsoft.VisualStudio.TestTools.TestTypes.Unit.UnitTestAdapter, Microsoft.VisualStudio.QualityTools.Tips.UnitTest.Adapter, Version=10.0.0.0, Culture=neutral, PublicKeyToken=b03f5f7f11d50a3a" className="MarsRovers.Functional.Tests.RoverCommandCenterTest, MarsRovers.Functional.Tests, Version=1.0.0.0, Culture=neutral, PublicKeyToken=null" name="CanaryTest" />
    </UnitTest>
    <UnitTest name="RunMarsRoverForInitialPosition12NAndCommandInstructionLL" storage="d:\office\sampleprograms\test driven development\thoughtworks\puretdd\marsrovers - refactored\tests\marsrovers.commandcenter.tests\bin\debug\marsrovers.commandcenter.tests.dll" id="10162e16-c5d7-68b8-692c-587433d3aaf1">
      <Description>Rum Mars rover for the initial position 12N and commandinstruction LL</Description>
      <Execution id="a6fd4c5d-bbc8-4245-bb0a-e6e6750cd8c0" />
      <TestMethod codeBase="D:/Office/SamplePrograms/Test Driven Development/ThoughtWorks/PureTDD/MarsRovers - Refactored/Tests/MarsRovers.CommandCenter.Tests/bin/Debug/MarsRovers.CommandCenter.Tests.DLL" adapterTypeName="Microsoft.VisualStudio.TestTools.TestTypes.Unit.UnitTestAdapter, Microsoft.VisualStudio.QualityTools.Tips.UnitTest.Adapter, Version=10.0.0.0, Culture=neutral, PublicKeyToken=b03f5f7f11d50a3a" className="MarsRovers.CommandCenter.Tests.MarsRoverTest, MarsRovers.CommandCenter.Tests, Version=1.0.0.0, Culture=neutral, PublicKeyToken=null" name="RunMarsRoverForInitialPosition12NAndCommandInstructionLL" />
    </UnitTest>
    <UnitTest name="CanaryTest" storage="d:\office\sampleprograms\test driven development\thoughtworks\puretdd\marsrovers - refactored\tests\marsrovers.commandcenter.tests\bin\debug\marsrovers.commandcenter.tests.dll" id="ef56b814-44c2-e2df-a1c3-f7bbabb64af3">
      <Execution id="885d608e-4bbf-4aeb-9804-213f554d0e7c" />
      <TestMethod codeBase="D:/Office/SamplePrograms/Test Driven Development/ThoughtWorks/PureTDD/MarsRovers - Refactored/Tests/MarsRovers.CommandCenter.Tests/bin/Debug/MarsRovers.CommandCenter.Tests.DLL" adapterTypeName="Microsoft.VisualStudio.TestTools.TestTypes.Unit.UnitTestAdapter, Microsoft.VisualStudio.QualityTools.Tips.UnitTest.Adapter, Version=10.0.0.0, Culture=neutral, PublicKeyToken=b03f5f7f11d50a3a" className="MarsRovers.CommandCenter.Tests.MarsRoverTest, MarsRovers.CommandCenter.Tests, Version=1.0.0.0, Culture=neutral, PublicKeyToken=null" name="CanaryTest" />
    </UnitTest>
    <UnitTest name="ExecuteCommandCenterHavingTwoRoversPositionOverLapping" storage="d:\office\sampleprograms\test driven development\thoughtworks\puretdd\marsrovers - refactored\tests\marsrovers.functional.tests\bin\debug\marsrovers.functional.tests.dll" id="0d08e412-8515-2158-8e80-3ba3b763e029">
      <Description>Command center has two rovers, rover positions overlap</Description>
      <Execution id="3a71a872-7390-4ed0-8978-cd7a9d13d3b6" />
      <TestMethod codeBase="D:/Office/SamplePrograms/Test Driven Development/ThoughtWorks/PureTDD/MarsRovers - Refactored/Tests/MarsRovers.Functional.Tests/bin/Debug/MarsRovers.Functional.Tests.DLL" adapterTypeName="Microsoft.VisualStudio.TestTools.TestTypes.Unit.UnitTestAdapter, Microsoft.VisualStudio.QualityTools.Tips.UnitTest.Adapter, Version=10.0.0.0, Culture=neutral, PublicKeyToken=b03f5f7f11d50a3a" className="MarsRovers.Functional.Tests.RoverCommandCenterTest, MarsRovers.Functional.Tests, Version=1.0.0.0, Culture=neutral, PublicKeyToken=null" name="ExecuteCommandCenterHavingTwoRoversPositionOverLapping" />
    </UnitTest>
    <UnitTest name="ExecuteCommandCenterHavingSingleRover" storage="d:\office\sampleprograms\test driven development\thoughtworks\puretdd\marsrovers - refactored\tests\marsrovers.functional.tests\bin\debug\marsrovers.functional.tests.dll" id="df3ed798-4ead-6d37-e37c-f653d4275a8a">
      <Description>Command center has single rover, execute the command</Description>
      <Execution id="bf56e4f2-99aa-4108-8393-bd54f4e794af" />
      <TestMethod codeBase="D:/Office/SamplePrograms/Test Driven Development/ThoughtWorks/PureTDD/MarsRovers - Refactored/Tests/MarsRovers.Functional.Tests/bin/Debug/MarsRovers.Functional.Tests.DLL" adapterTypeName="Microsoft.VisualStudio.TestTools.TestTypes.Unit.UnitTestAdapter, Microsoft.VisualStudio.QualityTools.Tips.UnitTest.Adapter, Version=10.0.0.0, Culture=neutral, PublicKeyToken=b03f5f7f11d50a3a" className="MarsRovers.Functional.Tests.RoverCommandCenterTest, MarsRovers.Functional.Tests, Version=1.0.0.0, Culture=neutral, PublicKeyToken=null" name="ExecuteCommandCenterHavingSingleRover" />
    </UnitTest>
    <UnitTest name="RunMarsRoverForInitialPosition12NAndCommandInstructionR" storage="d:\office\sampleprograms\test driven development\thoughtworks\puretdd\marsrovers - refactored\tests\marsrovers.commandcenter.tests\bin\debug\marsrovers.commandcenter.tests.dll" id="4b66fc00-39e6-a142-659d-191f0cd517bd">
      <Description>Rum Mars rover for the initial position 12N and commandinstruction R</Description>
      <Execution id="386415e3-6788-4a00-bd62-6a0a632a3b1c" />
      <TestMethod codeBase="D:/Office/SamplePrograms/Test Driven Development/ThoughtWorks/PureTDD/MarsRovers - Refactored/Tests/MarsRovers.CommandCenter.Tests/bin/Debug/MarsRovers.CommandCenter.Tests.DLL" adapterTypeName="Microsoft.VisualStudio.TestTools.TestTypes.Unit.UnitTestAdapter, Microsoft.VisualStudio.QualityTools.Tips.UnitTest.Adapter, Version=10.0.0.0, Culture=neutral, PublicKeyToken=b03f5f7f11d50a3a" className="MarsRovers.CommandCenter.Tests.MarsRoverTest, MarsRovers.CommandCenter.Tests, Version=1.0.0.0, Culture=neutral, PublicKeyToken=null" name="RunMarsRoverForInitialPosition12NAndCommandInstructionR" />
    </UnitTest>
    <UnitTest name="RunMarsRoverForInitialPosition12NAndCommandInstructionMM" storage="d:\office\sampleprograms\test driven development\thoughtworks\puretdd\marsrovers - refactored\tests\marsrovers.commandcenter.tests\bin\debug\marsrovers.commandcenter.tests.dll" id="7a7f0264-a455-c6ba-2fa4-b91db6d514d9">
      <Description>Rum Mars rover for the initial position 12N and commandinstruction MM</Description>
      <Execution id="c7724999-9ecb-4365-88bb-130a178b9b90" />
      <TestMethod codeBase="D:/Office/SamplePrograms/Test Driven Development/ThoughtWorks/PureTDD/MarsRovers - Refactored/Tests/MarsRovers.CommandCenter.Tests/bin/Debug/MarsRovers.CommandCenter.Tests.DLL" adapterTypeName="Microsoft.VisualStudio.TestTools.TestTypes.Unit.UnitTestAdapter, Microsoft.VisualStudio.QualityTools.Tips.UnitTest.Adapter, Version=10.0.0.0, Culture=neutral, PublicKeyToken=b03f5f7f11d50a3a" className="MarsRovers.CommandCenter.Tests.MarsRoverTest, MarsRovers.CommandCenter.Tests, Version=1.0.0.0, Culture=neutral, PublicKeyToken=null" name="RunMarsRoverForInitialPosition12NAndCommandInstructionMM" />
    </UnitTest>
    <UnitTest name="RunMarsRoverForInitialPosition12NAndCommandInstructionM" storage="d:\office\sampleprograms\test driven development\thoughtworks\puretdd\marsrovers - refactored\tests\marsrovers.commandcenter.tests\bin\debug\marsrovers.commandcenter.tests.dll" id="d480ed2c-18df-809b-eb31-f1b3a8c88aea">
      <Description>Rum Mars rover for the initial position 12N and commandinstruction M</Description>
      <Execution id="3efd3fbb-06d7-4845-b096-e4f121495175" />
      <TestMethod codeBase="D:/Office/SamplePrograms/Test Driven Development/ThoughtWorks/PureTDD/MarsRovers - Refactored/Tests/MarsRovers.CommandCenter.Tests/bin/Debug/MarsRovers.CommandCenter.Tests.DLL" adapterTypeName="Microsoft.VisualStudio.TestTools.TestTypes.Unit.UnitTestAdapter, Microsoft.VisualStudio.QualityTools.Tips.UnitTest.Adapter, Version=10.0.0.0, Culture=neutral, PublicKeyToken=b03f5f7f11d50a3a" className="MarsRovers.CommandCenter.Tests.MarsRoverTest, MarsRovers.CommandCenter.Tests, Version=1.0.0.0, Culture=neutral, PublicKeyToken=null" name="RunMarsRoverForInitialPosition12NAndCommandInstructionM" />
    </UnitTest>
    <UnitTest name="ValidateMarsRoverStopsAtMaxCoOrinatesOfPlateu" storage="d:\office\sampleprograms\test driven development\thoughtworks\puretdd\marsrovers - refactored\tests\marsrovers.commandcenter.tests\bin\debug\marsrovers.commandcenter.tests.dll" id="41a79758-fd7c-f9a3-4ba6-ac36f986397f">
      <Description>Validate that mars roves stop at the max co-ordinates of the plateu</Description>
      <Execution id="becc18c7-dda0-427f-a90b-6313c5a37e08" />
      <TestMethod codeBase="D:/Office/SamplePrograms/Test Driven Development/ThoughtWorks/PureTDD/MarsRovers - Refactored/Tests/MarsRovers.CommandCenter.Tests/bin/Debug/MarsRovers.CommandCenter.Tests.DLL" adapterTypeName="Microsoft.VisualStudio.TestTools.TestTypes.Unit.UnitTestAdapter, Microsoft.VisualStudio.QualityTools.Tips.UnitTest.Adapter, Version=10.0.0.0, Culture=neutral, PublicKeyToken=b03f5f7f11d50a3a" className="MarsRovers.CommandCenter.Tests.MarsRoverTest, MarsRovers.CommandCenter.Tests, Version=1.0.0.0, Culture=neutral, PublicKeyToken=null" name="ValidateMarsRoverStopsAtMaxCoOrinatesOfPlateu" />
    </UnitTest>
    <UnitTest name="ValidateMarsRoverStopsAtMinCoOrinatesOfPlateu" storage="d:\office\sampleprograms\test driven development\thoughtworks\puretdd\marsrovers - refactored\tests\marsrovers.commandcenter.tests\bin\debug\marsrovers.commandcenter.tests.dll" id="c8e18a40-adbc-f375-f653-5f34022e6b50">
      <Description>Validate that mars roves stop at the mix co-ordinates of the plateu</Description>
      <Execution id="acc87e04-afb5-4cd3-a278-721d144e7c71" />
      <TestMethod codeBase="D:/Office/SamplePrograms/Test Driven Development/ThoughtWorks/PureTDD/MarsRovers - Refactored/Tests/MarsRovers.CommandCenter.Tests/bin/Debug/MarsRovers.CommandCenter.Tests.DLL" adapterTypeName="Microsoft.VisualStudio.TestTools.TestTypes.Unit.UnitTestAdapter, Microsoft.VisualStudio.QualityTools.Tips.UnitTest.Adapter, Version=10.0.0.0, Culture=neutral, PublicKeyToken=b03f5f7f11d50a3a" className="MarsRovers.CommandCenter.Tests.MarsRoverTest, MarsRovers.CommandCenter.Tests, Version=1.0.0.0, Culture=neutral, PublicKeyToken=null" name="ValidateMarsRoverStopsAtMinCoOrinatesOfPlateu" />
    </UnitTest>
    <UnitTest name="RunMarsRoverForInitialPosition12NAndCommandInstructionRR" storage="d:\office\sampleprograms\test driven development\thoughtworks\puretdd\marsrovers - refactored\tests\marsrovers.commandcenter.tests\bin\debug\marsrovers.commandcenter.tests.dll" id="827560e0-810e-a968-87f0-3e784f1578a0">
      <Description>Rum Mars rover for the initial position 12N and commandinstruction RR</Description>
      <Execution id="ab436492-1566-4687-a0fe-feef9574669b" />
      <TestMethod codeBase="D:/Office/SamplePrograms/Test Driven Development/ThoughtWorks/PureTDD/MarsRovers - Refactored/Tests/MarsRovers.CommandCenter.Tests/bin/Debug/MarsRovers.CommandCenter.Tests.DLL" adapterTypeName="Microsoft.VisualStudio.TestTools.TestTypes.Unit.UnitTestAdapter, Microsoft.VisualStudio.QualityTools.Tips.UnitTest.Adapter, Version=10.0.0.0, Culture=neutral, PublicKeyToken=b03f5f7f11d50a3a" className="MarsRovers.CommandCenter.Tests.MarsRoverTest, MarsRovers.CommandCenter.Tests, Version=1.0.0.0, Culture=neutral, PublicKeyToken=null" name="RunMarsRoverForInitialPosition12NAndCommandInstructionRR" />
    </UnitTest>
    <UnitTest name="RunMarsRoverForInitialPosition12NAndCommandInstructionLMR" storage="d:\office\sampleprograms\test driven development\thoughtworks\puretdd\marsrovers - refactored\tests\marsrovers.commandcenter.tests\bin\debug\marsrovers.commandcenter.tests.dll" id="340ff6ac-25d0-1517-e110-335822053db9">
      <Description>Rum Mars rover for the initial position 12N and commandinstruction LMR</Description>
      <Execution id="5698ee96-4326-4279-b8eb-3efc916cacb1" />
      <TestMethod codeBase="D:/Office/SamplePrograms/Test Driven Development/ThoughtWorks/PureTDD/MarsRovers - Refactored/Tests/MarsRovers.CommandCenter.Tests/bin/Debug/MarsRovers.CommandCenter.Tests.DLL" adapterTypeName="Microsoft.VisualStudio.TestTools.TestTypes.Unit.UnitTestAdapter, Microsoft.VisualStudio.QualityTools.Tips.UnitTest.Adapter, Version=10.0.0.0, Culture=neutral, PublicKeyToken=b03f5f7f11d50a3a" className="MarsRovers.CommandCenter.Tests.MarsRoverTest, MarsRovers.CommandCenter.Tests, Version=1.0.0.0, Culture=neutral, PublicKeyToken=null" name="RunMarsRoverForInitialPosition12NAndCommandInstructionLMR" />
    </UnitTest>
    <UnitTest name="ExecuteCommandCenterHavingTwoRovers" storage="d:\office\sampleprograms\test driven development\thoughtworks\puretdd\marsrovers - refactored\tests\marsrovers.functional.tests\bin\debug\marsrovers.functional.tests.dll" id="77578eec-8fe2-8acf-b897-54a8a2370ae9">
      <Description>Command center has two rovers, execute the command</Description>
      <Execution id="f691875e-673b-43bd-8887-9ae93359d363" />
      <TestMethod codeBase="D:/Office/SamplePrograms/Test Driven Development/ThoughtWorks/PureTDD/MarsRovers - Refactored/Tests/MarsRovers.Functional.Tests/bin/Debug/MarsRovers.Functional.Tests.DLL" adapterTypeName="Microsoft.VisualStudio.TestTools.TestTypes.Unit.UnitTestAdapter, Microsoft.VisualStudio.QualityTools.Tips.UnitTest.Adapter, Version=10.0.0.0, Culture=neutral, PublicKeyToken=b03f5f7f11d50a3a" className="MarsRovers.Functional.Tests.RoverCommandCenterTest, MarsRovers.Functional.Tests, Version=1.0.0.0, Culture=neutral, PublicKeyToken=null" name="ExecuteCommandCenterHavingTwoRovers" />
    </UnitTest>
  </TestDefinitions>
  <TestLists>
    <TestList name="Results Not in a List" id="8c84fa94-04c1-424b-9868-57a2d4851a1d" />
    <TestList name="All Loaded Results" id="19431567-8539-422a-85d7-44ee4e166bda" />
  </TestLists>
  <TestEntries>
    <TestEntry testId="0d08e412-8515-2158-8e80-3ba3b763e029" executionId="3a71a872-7390-4ed0-8978-cd7a9d13d3b6" testListId="8c84fa94-04c1-424b-9868-57a2d4851a1d" />
    <TestEntry testId="10162e16-c5d7-68b8-692c-587433d3aaf1" executionId="a6fd4c5d-bbc8-4245-bb0a-e6e6750cd8c0" testListId="8c84fa94-04c1-424b-9868-57a2d4851a1d" />
    <TestEntry testId="340ff6ac-25d0-1517-e110-335822053db9" executionId="5698ee96-4326-4279-b8eb-3efc916cacb1" testListId="8c84fa94-04c1-424b-9868-57a2d4851a1d" />
    <TestEntry testId="36ed5da5-079c-87f0-147c-812e0ec9733a" executionId="be6bd31c-8dee-42dc-b45b-51b193379040" testListId="8c84fa94-04c1-424b-9868-57a2d4851a1d" />
    <TestEntry testId="41a79758-fd7c-f9a3-4ba6-ac36f986397f" executionId="becc18c7-dda0-427f-a90b-6313c5a37e08" testListId="8c84fa94-04c1-424b-9868-57a2d4851a1d" />
    <TestEntry testId="4b66fc00-39e6-a142-659d-191f0cd517bd" executionId="386415e3-6788-4a00-bd62-6a0a632a3b1c" testListId="8c84fa94-04c1-424b-9868-57a2d4851a1d" />
    <TestEntry testId="6add42ec-d937-f62b-2021-e77365dd7357" executionId="35841165-e259-41fe-9e4e-5c7e74065788" testListId="8c84fa94-04c1-424b-9868-57a2d4851a1d" />
    <TestEntry testId="77578eec-8fe2-8acf-b897-54a8a2370ae9" executionId="f691875e-673b-43bd-8887-9ae93359d363" testListId="8c84fa94-04c1-424b-9868-57a2d4851a1d" />
    <TestEntry testId="7a7f0264-a455-c6ba-2fa4-b91db6d514d9" executionId="c7724999-9ecb-4365-88bb-130a178b9b90" testListId="8c84fa94-04c1-424b-9868-57a2d4851a1d" />
    <TestEntry testId="827560e0-810e-a968-87f0-3e784f1578a0" executionId="ab436492-1566-4687-a0fe-feef9574669b" testListId="8c84fa94-04c1-424b-9868-57a2d4851a1d" />
    <TestEntry testId="a48b6e19-9c60-2421-3254-b5acc0b0be30" executionId="4e5db407-c81f-44e1-822f-f93af53662ff" testListId="8c84fa94-04c1-424b-9868-57a2d4851a1d" />
    <TestEntry testId="c8e18a40-adbc-f375-f653-5f34022e6b50" executionId="acc87e04-afb5-4cd3-a278-721d144e7c71" testListId="8c84fa94-04c1-424b-9868-57a2d4851a1d" />
    <TestEntry testId="d480ed2c-18df-809b-eb31-f1b3a8c88aea" executionId="3efd3fbb-06d7-4845-b096-e4f121495175" testListId="8c84fa94-04c1-424b-9868-57a2d4851a1d" />
    <TestEntry testId="df3ed798-4ead-6d37-e37c-f653d4275a8a" executionId="bf56e4f2-99aa-4108-8393-bd54f4e794af" testListId="8c84fa94-04c1-424b-9868-57a2d4851a1d" />
    <TestEntry testId="e246197b-4e65-e6f8-8825-4f0c123a19fa" executionId="1d7e78be-5d26-4dc0-8eb6-273249bfb68e" testListId="8c84fa94-04c1-424b-9868-57a2d4851a1d" />
    <TestEntry testId="ef56b814-44c2-e2df-a1c3-f7bbabb64af3" executionId="885d608e-4bbf-4aeb-9804-213f554d0e7c" testListId="8c84fa94-04c1-424b-9868-57a2d4851a1d" />
  </TestEntries>
  <Results>
    <UnitTestResult executionId="3a71a872-7390-4ed0-8978-cd7a9d13d3b6" testId="0d08e412-8515-2158-8e80-3ba3b763e029" testName="ExecuteCommandCenterHavingTwoRoversPositionOverLapping" computerName="MCSAJJAN-PC" duration="00:00:28.7026417" startTime="2015-02-01T14:18:01.1525351+05:30" endTime="2015-02-01T14:18:29.8551768+05:30" testType="13cdc9d9-ddb5-4fa4-a97d-d965ccfc6d4b" outcome="Aborted" testListId="8c84fa94-04c1-424b-9868-57a2d4851a1d" relativeResultsDirectory="3a71a872-7390-4ed0-8978-cd7a9d13d3b6">
    </UnitTestResult>
    <UnitTestResult executionId="a6fd4c5d-bbc8-4245-bb0a-e6e6750cd8c0" testId="10162e16-c5d7-68b8-692c-587433d3aaf1" testName="RunMarsRoverForInitialPosition12NAndCommandInstructionLL" computerName="MCSAJJAN-PC" testType="13cdc9d9-ddb5-4fa4-a97d-d965ccfc6d4b" outcome="NotExecuted" testListId="8c84fa94-04c1-424b-9868-57a2d4851a1d" relativeResultsDirectory="a6fd4c5d-bbc8-4245-bb0a-e6e6750cd8c0">
    </UnitTestResult>
    <UnitTestResult executionId="5698ee96-4326-4279-b8eb-3efc916cacb1" testId="340ff6ac-25d0-1517-e110-335822053db9" testName="RunMarsRoverForInitialPosition12NAndCommandInstructionLMR" computerName="MCSAJJAN-PC" testType="13cdc9d9-ddb5-4fa4-a97d-d965ccfc6d4b" outcome="NotExecuted" testListId="8c84fa94-04c1-424b-9868-57a2d4851a1d" relativeResultsDirectory="5698ee96-4326-4279-b8eb-3efc916cacb1">
    </UnitTestResult>
    <UnitTestResult executionId="be6bd31c-8dee-42dc-b45b-51b193379040" testId="36ed5da5-079c-87f0-147c-812e0ec9733a" testName="CanaryTest" computerName="MCSAJJAN-PC" testType="13cdc9d9-ddb5-4fa4-a97d-d965ccfc6d4b" outcome="NotExecuted" testListId="8c84fa94-04c1-424b-9868-57a2d4851a1d" relativeResultsDirectory="be6bd31c-8dee-42dc-b45b-51b193379040">
    </UnitTestResult>
    <UnitTestResult executionId="becc18c7-dda0-427f-a90b-6313c5a37e08" testId="41a79758-fd7c-f9a3-4ba6-ac36f986397f" testName="ValidateMarsRoverStopsAtMaxCoOrinatesOfPlateu" computerName="MCSAJJAN-PC" testType="13cdc9d9-ddb5-4fa4-a97d-d965ccfc6d4b" outcome="NotExecuted" testListId="8c84fa94-04c1-424b-9868-57a2d4851a1d" relativeResultsDirectory="becc18c7-dda0-427f-a90b-6313c5a37e08">
    </UnitTestResult>
    <UnitTestResult executionId="386415e3-6788-4a00-bd62-6a0a632a3b1c" testId="4b66fc00-39e6-a142-659d-191f0cd517bd" testName="RunMarsRoverForInitialPosition12NAndCommandInstructionR" computerName="MCSAJJAN-PC" testType="13cdc9d9-ddb5-4fa4-a97d-d965ccfc6d4b" outcome="NotExecuted" testListId="8c84fa94-04c1-424b-9868-57a2d4851a1d" relativeResultsDirectory="386415e3-6788-4a00-bd62-6a0a632a3b1c">
    </UnitTestResult>
    <UnitTestResult executionId="35841165-e259-41fe-9e4e-5c7e74065788" testId="6add42ec-d937-f62b-2021-e77365dd7357" testName="RunMarsRoverForInitialPosition12NAndCommandInstructionL" computerName="MCSAJJAN-PC" testType="13cdc9d9-ddb5-4fa4-a97d-d965ccfc6d4b" outcome="NotExecuted" testListId="8c84fa94-04c1-424b-9868-57a2d4851a1d" relativeResultsDirectory="35841165-e259-41fe-9e4e-5c7e74065788">
    </UnitTestResult>
    <UnitTestResult executionId="f691875e-673b-43bd-8887-9ae93359d363" testId="77578eec-8fe2-8acf-b897-54a8a2370ae9" testName="ExecuteCommandCenterHavingTwoRovers" computerName="MCSAJJAN-PC" testType="13cdc9d9-ddb5-4fa4-a97d-d965ccfc6d4b" outcome="NotExecuted" testListId="8c84fa94-04c1-424b-9868-57a2d4851a1d" relativeResultsDirectory="f691875e-673b-43bd-8887-9ae93359d363">
    </UnitTestResult>
    <UnitTestResult executionId="c7724999-9ecb-4365-88bb-130a178b9b90" testId="7a7f0264-a455-c6ba-2fa4-b91db6d514d9" testName="RunMarsRoverForInitialPosition12NAndCommandInstructionMM" computerName="MCSAJJAN-PC" testType="13cdc9d9-ddb5-4fa4-a97d-d965ccfc6d4b" outcome="NotExecuted" testListId="8c84fa94-04c1-424b-9868-57a2d4851a1d" relativeResultsDirectory="c7724999-9ecb-4365-88bb-130a178b9b90">
    </UnitTestResult>
    <UnitTestResult executionId="ab436492-1566-4687-a0fe-feef9574669b" testId="827560e0-810e-a968-87f0-3e784f1578a0" testName="RunMarsRoverForInitialPosition12NAndCommandInstructionRR" computerName="MCSAJJAN-PC" testType="13cdc9d9-ddb5-4fa4-a97d-d965ccfc6d4b" outcome="NotExecuted" testListId="8c84fa94-04c1-424b-9868-57a2d4851a1d" relativeResultsDirectory="ab436492-1566-4687-a0fe-feef9574669b">
    </UnitTestResult>
    <UnitTestResult executionId="4e5db407-c81f-44e1-822f-f93af53662ff" testId="a48b6e19-9c60-2421-3254-b5acc0b0be30" testName="RunMarsRoverForInitialPosition12NAndCommandInstructionLMMR" computerName="MCSAJJAN-PC" testType="13cdc9d9-ddb5-4fa4-a97d-d965ccfc6d4b" outcome="NotExecuted" testListId="8c84fa94-04c1-424b-9868-57a2d4851a1d" relativeResultsDirectory="4e5db407-c81f-44e1-822f-f93af53662ff">
    </UnitTestResult>
    <UnitTestResult executionId="acc87e04-afb5-4cd3-a278-721d144e7c71" testId="c8e18a40-adbc-f375-f653-5f34022e6b50" testName="ValidateMarsRoverStopsAtMinCoOrinatesOfPlateu" computerName="MCSAJJAN-PC" testType="13cdc9d9-ddb5-4fa4-a97d-d965ccfc6d4b" outcome="NotExecuted" testListId="8c84fa94-04c1-424b-9868-57a2d4851a1d" relativeResultsDirectory="acc87e04-afb5-4cd3-a278-721d144e7c71">
    </UnitTestResult>
    <UnitTestResult executionId="3efd3fbb-06d7-4845-b096-e4f121495175" testId="d480ed2c-18df-809b-eb31-f1b3a8c88aea" testName="RunMarsRoverForInitialPosition12NAndCommandInstructionM" computerName="MCSAJJAN-PC" testType="13cdc9d9-ddb5-4fa4-a97d-d965ccfc6d4b" outcome="NotExecuted" testListId="8c84fa94-04c1-424b-9868-57a2d4851a1d" relativeResultsDirectory="3efd3fbb-06d7-4845-b096-e4f121495175">
    </UnitTestResult>
    <UnitTestResult executionId="bf56e4f2-99aa-4108-8393-bd54f4e794af" testId="df3ed798-4ead-6d37-e37c-f653d4275a8a" testName="ExecuteCommandCenterHavingSingleRover" computerName="MCSAJJAN-PC" testType="13cdc9d9-ddb5-4fa4-a97d-d965ccfc6d4b" outcome="NotExecuted" testListId="8c84fa94-04c1-424b-9868-57a2d4851a1d" relativeResultsDirectory="bf56e4f2-99aa-4108-8393-bd54f4e794af">
    </UnitTestResult>
    <UnitTestResult executionId="1d7e78be-5d26-4dc0-8eb6-273249bfb68e" testId="e246197b-4e65-e6f8-8825-4f0c123a19fa" testName="RunMarsRoverForInitialPosition12NAndCommandInstructionRRMMMR" computerName="MCSAJJAN-PC" testType="13cdc9d9-ddb5-4fa4-a97d-d965ccfc6d4b" outcome="NotExecuted" testListId="8c84fa94-04c1-424b-9868-57a2d4851a1d" relativeResultsDirectory="1d7e78be-5d26-4dc0-8eb6-273249bfb68e">
    </UnitTestResult>
    <UnitTestResult executionId="885d608e-4bbf-4aeb-9804-213f554d0e7c" testId="ef56b814-44c2-e2df-a1c3-f7bbabb64af3" testName="CanaryTest" computerName="MCSAJJAN-PC" testType="13cdc9d9-ddb5-4fa4-a97d-d965ccfc6d4b" outcome="NotExecuted" testListId="8c84fa94-04c1-424b-9868-57a2d4851a1d" relativeResultsDirectory="885d608e-4bbf-4aeb-9804-213f554d0e7c">
    </UnitTestResult>
  </Results>
</TestRun>