<?xml version="1.0" encoding="UTF-8"?>
<TestRun id="51377151-6872-47aa-8d72-33414daa7706" name="mcsajjan@MCSAJJAN-PC 2015-02-01 14:16:41" runUser="mcsajjan-PC\mcsajjan" xmlns="http://microsoft.com/schemas/VisualStudio/TeamTest/2010">
  <TestSettings name="Local" id="1c2ea94c-a709-4dbc-9351-8217ff832792">
    <Description>These are default test settings for a local test run.</Description>
    <Deployment enabled="false" runDeploymentRoot="mcsajjan_MCSAJJAN-PC 2015-02-01 14_16_41">
      <DeploymentItem filename="D:\Office\SamplePrograms\Test Driven Development\ThoughtWorks\PureTDD\MarsRovers - Refactored\MarsRovers.CommandCenter\bin\Debug\MarsRovers.CommandCenter.dll" />
      <DeploymentItem filename="D:\Office\SamplePrograms\Test Driven Development\ThoughtWorks\PureTDD\MarsRovers - Refactored\MarsRovers\bin\Debug\MarsRovers.exe" />
    </Deployment>
    <Execution>
      <TestTypeSpecific />
      <AgentRule name="Execution Agents">
      </AgentRule>
    </Execution>
  </TestSettings>
  <Times creation="2015-02-01T14:16:41.8740006+05:30" queuing="2015-02-01T14:16:42.9270609+05:30" start="2015-02-01T14:16:42.9580626+05:30" finish="2015-02-01T14:17:11.0436691+05:30" />
  <ResultSummary outcome="Error">
    <Counters total="16" executed="1" error="0" failed="0" timeout="0" aborted="1" inconclusive="0" passedButRunAborted="0" notRunnable="0" notExecuted="15" disconnected="0" warning="0" passed="0" completed="0" inProgress="0" pending="0" />
    <RunInfos>
      <RunInfo computerName="MCSAJJAN-PC" outcome="Error" timestamp="2015-02-01T14:17:11.0416689+05:30">
        <Text>Test host process exited unexpectedly.</Text>
      </RunInfo>
    </RunInfos>
  </ResultSummary>
  <TestDefinitions>
    <UnitTest name="RunMarsRoverForInitialPosition12NAndCommandInstructionL" storage="d:\office\sampleprograms\test driven development\thoughtworks\puretdd\marsrovers - refactored\tests\marsrovers.commandcenter.tests\bin\debug\marsrovers.commandcenter.tests.dll" id="6add42ec-d937-f62b-2021-e77365dd7357">
      <Description>Rum Mars rover for the initial position 12N and commandinstruction L</Description>
      <Execution id="ef7fd7d1-5eda-4f34-b9d8-d60fe89e3e02" />
      <TestMethod codeBase="D:/Office/SamplePrograms/Test Driven Development/ThoughtWorks/PureTDD/MarsRovers - Refactored/Tests/MarsRovers.CommandCenter.Tests/bin/Debug/MarsRovers.CommandCenter.Tests.DLL" adapterTypeName="Microsoft.VisualStudio.TestTools.TestTypes.Unit.UnitTestAdapter, Microsoft.VisualStudio.QualityTools.Tips.UnitTest.Adapter, Version=10.0.0.0, Culture=neutral, PublicKeyToken=b03f5f7f11d50a3a" className="MarsRovers.CommandCenter.Tests.MarsRoverTest, MarsRovers.CommandCenter.Tests, Version=1.0.0.0, Culture=neutral, PublicKeyToken=null" name="RunMarsRoverForInitialPosition12NAndCommandInstructionL" />
    </UnitTest>
    <UnitTest name="RunMarsRoverForInitialPosition12NAndCommandInstructionLMMR" storage="d:\office\sampleprograms\test driven development\thoughtworks\puretdd\marsrovers - refactored\tests\marsrovers.commandcenter.tests\bin\debug\marsrovers.commandcenter.tests.dll" id="a48b6e19-9c60-2421-3254-b5acc0b0be30">
      <Description>Rum Mars rover for the initial position 12N and commandinstruction LMMR</Description>
      <Execution id="a56aa5f6-8f47-4949-b338-82edb9387fca" />
      <TestMethod codeBase="D:/Office/SamplePrograms/Test Driven Development/ThoughtWorks/PureTDD/MarsRovers - Refactored/Tests/MarsRovers.CommandCenter.Tests/bin/Debug/MarsRovers.CommandCenter.Tests.DLL" adapterTypeName="Microsoft.VisualStudio.TestTools.TestTypes.Unit.UnitTestAdapter, Microsoft.VisualStudio.QualityTools.Tips.UnitTest.Adapter, Version=10.0.0.0, Culture=neutral, PublicKeyToken=b03f5f7f11d50a3a" className="MarsRovers.CommandCenter.Tests.MarsRoverTest, MarsRovers.CommandCenter.Tests, Version=1.0.0.0, Culture=neutral, PublicKeyToken=null" name="RunMarsRoverForInitialPosition12NAndCommandInstructionLMMR" />
    </UnitTest>
    <UnitTest name="RunMarsRoverForInitialPosition12NAndCommandInstructionRRMMMR" storage="d:\office\sampleprograms\test driven development\thoughtworks\puretdd\marsrovers - refactored\tests\marsrovers.commandcenter.tests\bin\debug\marsrovers.commandcenter.tests.dll" id="e246197b-4e65-e6f8-8825-4f0c123a19fa">
      <Description>Rum Mars rover for the initial position 12N and commandinstruction RRMMMR</Description>
      <Execution id="180dbe91-6e60-49f2-b8b4-99c8d5373997" />
      <TestMethod codeBase="D:/Office/SamplePrograms/Test Driven Development/ThoughtWorks/PureTDD/MarsRovers - Refactored/Tests/MarsRovers.CommandCenter.Tests/bin/Debug/MarsRovers.CommandCenter.Tests.DLL" adapterTypeName="Microsoft.VisualStudio.TestTools.TestTypes.Unit.UnitTestAdapter, Microsoft.VisualStudio.QualityTools.Tips.UnitTest.Adapter, Version=10.0.0.0, Culture=neutral, PublicKeyToken=b03f5f7f11d50a3a" className="MarsRovers.CommandCenter.Tests.MarsRoverTest, MarsRovers.CommandCenter.Tests, Version=1.0.0.0, Culture=neutral, PublicKeyToken=null" name="RunMarsRoverForInitialPosition12NAndCommandInstructionRRMMMR" />
    </UnitTest>
    <UnitTest name="CanaryTest" storage="d:\office\sampleprograms\test driven development\thoughtworks\puretdd\marsrovers - refactored\tests\marsrovers.functional.tests\bin\debug\marsrovers.functional.tests.dll" id="36ed5da5-079c-87f0-147c-812e0ec9733a">
      <Execution id="bda9f60f-73c0-4f07-b120-68bdfa2d84c2" />
      <TestMethod codeBase="D:/Office/SamplePrograms/Test Driven Development/ThoughtWorks/PureTDD/MarsRovers - Refactored/Tests/MarsRovers.Functional.Tests/bin/Debug/MarsRovers.Functional.Tests.DLL" adapterTypeName="Microsoft.VisualStudio.TestTools.TestTypes.Unit.UnitTestAdapter, Microsoft.VisualStudio.QualityTools.Tips.UnitTest.Adapter, Version=10.0.0.0, Culture=neutral, PublicKeyToken=b03f5f7f11d50a3a" className="MarsRovers.Functional.Tests.RoverCommandCenterTest, MarsRovers.Functional.Tests, Version=1.0.0.0, Culture=neutral, PublicKeyToken=null" name="CanaryTest" />
    </UnitTest>
    <UnitTest name="RunMarsRoverForInitialPosition12NAndCommandInstructionLL" storage="d:\office\sampleprograms\test driven development\thoughtworks\puretdd\marsrovers - refactored\tests\marsrovers.commandcenter.tests\bin\debug\marsrovers.commandcenter.tests.dll" id="10162e16-c5d7-68b8-692c-587433d3aaf1">
      <Description>Rum Mars rover for the initial position 12N and commandinstruction LL</Description>
      <Execution id="98117323-be1e-4275-a162-be4934177870" />
      <TestMethod codeBase="D:/Office/SamplePrograms/Test Driven Development/ThoughtWorks/PureTDD/MarsRovers - Refactored/Tests/MarsRovers.CommandCenter.Tests/bin/Debug/MarsRovers.CommandCenter.Tests.DLL" adapterTypeName="Microsoft.VisualStudio.TestTools.TestTypes.Unit.UnitTestAdapter, Microsoft.VisualStudio.QualityTools.Tips.UnitTest.Adapter, Version=10.0.0.0, Culture=neutral, PublicKeyToken=b03f5f7f11d50a3a" className="MarsRovers.CommandCenter.Tests.MarsRoverTest, MarsRovers.CommandCenter.Tests, Version=1.0.0.0, Culture=neutral, PublicKeyToken=null" name="RunMarsRoverForInitialPosition12NAndCommandInstructionLL" />
    </UnitTest>
    <UnitTest name="CanaryTest" storage="d:\office\sampleprograms\test driven development\thoughtworks\puretdd\marsrovers - refactored\tests\marsrovers.commandcenter.tests\bin\debug\marsrovers.commandcenter.tests.dll" id="ef56b814-44c2-e2df-a1c3-f7bbabb64af3">
      <Execution id="b4763966-fccf-48fb-bab7-7a2ff945c5b1" />
      <TestMethod codeBase="D:/Office/SamplePrograms/Test Driven Development/ThoughtWorks/PureTDD/MarsRovers - Refactored/Tests/MarsRovers.CommandCenter.Tests/bin/Debug/MarsRovers.CommandCenter.Tests.DLL" adapterTypeName="Microsoft.VisualStudio.TestTools.TestTypes.Unit.UnitTestAdapter, Microsoft.VisualStudio.QualityTools.Tips.UnitTest.Adapter, Version=10.0.0.0, Culture=neutral, PublicKeyToken=b03f5f7f11d50a3a" className="MarsRovers.CommandCenter.Tests.MarsRoverTest, MarsRovers.CommandCenter.Tests, Version=1.0.0.0, Culture=neutral, PublicKeyToken=null" name="CanaryTest" />
    </UnitTest>
    <UnitTest name="ExecuteCommandCenterHavingTwoRoversPositionOverLapping" storage="d:\office\sampleprograms\test driven development\thoughtworks\puretdd\marsrovers - refactored\tests\marsrovers.functional.tests\bin\debug\marsrovers.functional.tests.dll" id="0d08e412-8515-2158-8e80-3ba3b763e029">
      <Description>Command center has two rovers, rover positions overlap</Description>
      <Execution id="1a8dcfde-c35b-4eea-9a2f-3f5617ce6c8a" />
      <TestMethod codeBase="D:/Office/SamplePrograms/Test Driven Development/ThoughtWorks/PureTDD/MarsRovers - Refactored/Tests/MarsRovers.Functional.Tests/bin/Debug/MarsRovers.Functional.Tests.DLL" adapterTypeName="Microsoft.VisualStudio.TestTools.TestTypes.Unit.UnitTestAdapter, Microsoft.VisualStudio.QualityTools.Tips.UnitTest.Adapter, Version=10.0.0.0, Culture=neutral, PublicKeyToken=b03f5f7f11d50a3a" className="MarsRovers.Functional.Tests.RoverCommandCenterTest, MarsRovers.Functional.Tests, Version=1.0.0.0, Culture=neutral, PublicKeyToken=null" name="ExecuteCommandCenterHavingTwoRoversPositionOverLapping" />
    </UnitTest>
    <UnitTest name="ExecuteCommandCenterHavingSingleRover" storage="d:\office\sampleprograms\test driven development\thoughtworks\puretdd\marsrovers - refactored\tests\marsrovers.functional.tests\bin\debug\marsrovers.functional.tests.dll" id="df3ed798-4ead-6d37-e37c-f653d4275a8a">
      <Description>Command center has single rover, execute the command</Description>
      <Execution id="362fbcfd-d258-4293-a5af-4d1db25913b0" />
      <TestMethod codeBase="D:/Office/SamplePrograms/Test Driven Development/ThoughtWorks/PureTDD/MarsRovers - Refactored/Tests/MarsRovers.Functional.Tests/bin/Debug/MarsRovers.Functional.Tests.DLL" adapterTypeName="Microsoft.VisualStudio.TestTools.TestTypes.Unit.UnitTestAdapter, Microsoft.VisualStudio.QualityTools.Tips.UnitTest.Adapter, Version=10.0.0.0, Culture=neutral, PublicKeyToken=b03f5f7f11d50a3a" className="MarsRovers.Functional.Tests.RoverCommandCenterTest, MarsRovers.Functional.Tests, Version=1.0.0.0, Culture=neutral, PublicKeyToken=null" name="ExecuteCommandCenterHavingSingleRover" />
    </UnitTest>
    <UnitTest name="RunMarsRoverForInitialPosition12NAndCommandInstructionR" storage="d:\office\sampleprograms\test driven development\thoughtworks\puretdd\marsrovers - refactored\tests\marsrovers.commandcenter.tests\bin\debug\marsrovers.commandcenter.tests.dll" id="4b66fc00-39e6-a142-659d-191f0cd517bd">
      <Description>Rum Mars rover for the initial position 12N and commandinstruction R</Description>
      <Execution id="f223e273-a6e3-45e7-9304-aad80e9b1f02" />
      <TestMethod codeBase="D:/Office/SamplePrograms/Test Driven Development/ThoughtWorks/PureTDD/MarsRovers - Refactored/Tests/MarsRovers.CommandCenter.Tests/bin/Debug/MarsRovers.CommandCenter.Tests.DLL" adapterTypeName="Microsoft.VisualStudio.TestTools.TestTypes.Unit.UnitTestAdapter, Microsoft.VisualStudio.QualityTools.Tips.UnitTest.Adapter, Version=10.0.0.0, Culture=neutral, PublicKeyToken=b03f5f7f11d50a3a" className="MarsRovers.CommandCenter.Tests.MarsRoverTest, MarsRovers.CommandCenter.Tests, Version=1.0.0.0, Culture=neutral, PublicKeyToken=null" name="RunMarsRoverForInitialPosition12NAndCommandInstructionR" />
    </UnitTest>
    <UnitTest name="RunMarsRoverForInitialPosition12NAndCommandInstructionMM" storage="d:\office\sampleprograms\test driven development\thoughtworks\puretdd\marsrovers - refactored\tests\marsrovers.commandcenter.tests\bin\debug\marsrovers.commandcenter.tests.dll" id="7a7f0264-a455-c6ba-2fa4-b91db6d514d9">
      <Description>Rum Mars rover for the initial position 12N and commandinstruction MM</Description>
      <Execution id="c86ea0e5-6e47-402b-bb64-15c74e735397" />
      <TestMethod codeBase="D:/Office/SamplePrograms/Test Driven Development/ThoughtWorks/PureTDD/MarsRovers - Refactored/Tests/MarsRovers.CommandCenter.Tests/bin/Debug/MarsRovers.CommandCenter.Tests.DLL" adapterTypeName="Microsoft.VisualStudio.TestTools.TestTypes.Unit.UnitTestAdapter, Microsoft.VisualStudio.QualityTools.Tips.UnitTest.Adapter, Version=10.0.0.0, Culture=neutral, PublicKeyToken=b03f5f7f11d50a3a" className="MarsRovers.CommandCenter.Tests.MarsRoverTest, MarsRovers.CommandCenter.Tests, Version=1.0.0.0, Culture=neutral, PublicKeyToken=null" name="RunMarsRoverForInitialPosition12NAndCommandInstructionMM" />
    </UnitTest>
    <UnitTest name="RunMarsRoverForInitialPosition12NAndCommandInstructionM" storage="d:\office\sampleprograms\test driven development\thoughtworks\puretdd\marsrovers - refactored\tests\marsrovers.commandcenter.tests\bin\debug\marsrovers.commandcenter.tests.dll" id="d480ed2c-18df-809b-eb31-f1b3a8c88aea">
      <Description>Rum Mars rover for the initial position 12N and commandinstruction M</Description>
      <Execution id="40befcc0-7140-4342-a38b-ee440682903a" />
      <TestMethod codeBase="D:/Office/SamplePrograms/Test Driven Development/ThoughtWorks/PureTDD/MarsRovers - Refactored/Tests/MarsRovers.CommandCenter.Tests/bin/Debug/MarsRovers.CommandCenter.Tests.DLL" adapterTypeName="Microsoft.VisualStudio.TestTools.TestTypes.Unit.UnitTestAdapter, Microsoft.VisualStudio.QualityTools.Tips.UnitTest.Adapter, Version=10.0.0.0, Culture=neutral, PublicKeyToken=b03f5f7f11d50a3a" className="MarsRovers.CommandCenter.Tests.MarsRoverTest, MarsRovers.CommandCenter.Tests, Version=1.0.0.0, Culture=neutral, PublicKeyToken=null" name="RunMarsRoverForInitialPosition12NAndCommandInstructionM" />
    </UnitTest>
    <UnitTest name="ValidateMarsRoverStopsAtMaxCoOrinatesOfPlateu" storage="d:\office\sampleprograms\test driven development\thoughtworks\puretdd\marsrovers - refactored\tests\marsrovers.commandcenter.tests\bin\debug\marsrovers.commandcenter.tests.dll" id="41a79758-fd7c-f9a3-4ba6-ac36f986397f">
      <Description>Validate that mars roves stop at the max co-ordinates of the plateu</Description>
      <Execution id="b797bb4b-f33a-4775-aba5-e14367433e2c" />
      <TestMethod codeBase="D:/Office/SamplePrograms/Test Driven Development/ThoughtWorks/PureTDD/MarsRovers - Refactored/Tests/MarsRovers.CommandCenter.Tests/bin/Debug/MarsRovers.CommandCenter.Tests.DLL" adapterTypeName="Microsoft.VisualStudio.TestTools.TestTypes.Unit.UnitTestAdapter, Microsoft.VisualStudio.QualityTools.Tips.UnitTest.Adapter, Version=10.0.0.0, Culture=neutral, PublicKeyToken=b03f5f7f11d50a3a" className="MarsRovers.CommandCenter.Tests.MarsRoverTest, MarsRovers.CommandCenter.Tests, Version=1.0.0.0, Culture=neutral, PublicKeyToken=null" name="ValidateMarsRoverStopsAtMaxCoOrinatesOfPlateu" />
    </UnitTest>
    <UnitTest name="ValidateMarsRoverStopsAtMinCoOrinatesOfPlateu" storage="d:\office\sampleprograms\test driven development\thoughtworks\puretdd\marsrovers - refactored\tests\marsrovers.commandcenter.tests\bin\debug\marsrovers.commandcenter.tests.dll" id="c8e18a40-adbc-f375-f653-5f34022e6b50">
      <Description>Validate that mars roves stop at the mix co-ordinates of the plateu</Description>
      <Execution id="212902f7-2dd9-4a31-a320-d205e60d6cb9" />
      <TestMethod codeBase="D:/Office/SamplePrograms/Test Driven Development/ThoughtWorks/PureTDD/MarsRovers - Refactored/Tests/MarsRovers.CommandCenter.Tests/bin/Debug/MarsRovers.CommandCenter.Tests.DLL" adapterTypeName="Microsoft.VisualStudio.TestTools.TestTypes.Unit.UnitTestAdapter, Microsoft.VisualStudio.QualityTools.Tips.UnitTest.Adapter, Version=10.0.0.0, Culture=neutral, PublicKeyToken=b03f5f7f11d50a3a" className="MarsRovers.CommandCenter.Tests.MarsRoverTest, MarsRovers.CommandCenter.Tests, Version=1.0.0.0, Culture=neutral, PublicKeyToken=null" name="ValidateMarsRoverStopsAtMinCoOrinatesOfPlateu" />
    </UnitTest>
    <UnitTest name="RunMarsRoverForInitialPosition12NAndCommandInstructionRR" storage="d:\office\sampleprograms\test driven development\thoughtworks\puretdd\marsrovers - refactored\tests\marsrovers.commandcenter.tests\bin\debug\marsrovers.commandcenter.tests.dll" id="827560e0-810e-a968-87f0-3e784f1578a0">
      <Description>Rum Mars rover for the initial position 12N and commandinstruction RR</Description>
      <Execution id="67381d91-2852-46bf-baf7-175f64293836" />
      <TestMethod codeBase="D:/Office/SamplePrograms/Test Driven Development/ThoughtWorks/PureTDD/MarsRovers - Refactored/Tests/MarsRovers.CommandCenter.Tests/bin/Debug/MarsRovers.CommandCenter.Tests.DLL" adapterTypeName="Microsoft.VisualStudio.TestTools.TestTypes.Unit.UnitTestAdapter, Microsoft.VisualStudio.QualityTools.Tips.UnitTest.Adapter, Version=10.0.0.0, Culture=neutral, PublicKeyToken=b03f5f7f11d50a3a" className="MarsRovers.CommandCenter.Tests.MarsRoverTest, MarsRovers.CommandCenter.Tests, Version=1.0.0.0, Culture=neutral, PublicKeyToken=null" name="RunMarsRoverForInitialPosition12NAndCommandInstructionRR" />
    </UnitTest>
    <UnitTest name="RunMarsRoverForInitialPosition12NAndCommandInstructionLMR" storage="d:\office\sampleprograms\test driven development\thoughtworks\puretdd\marsrovers - refactored\tests\marsrovers.commandcenter.tests\bin\debug\marsrovers.commandcenter.tests.dll" id="340ff6ac-25d0-1517-e110-335822053db9">
      <Description>Rum Mars rover for the initial position 12N and commandinstruction LMR</Description>
      <Execution id="d83ad925-4281-4836-b76a-2d68aa88b7b9" />
      <TestMethod codeBase="D:/Office/SamplePrograms/Test Driven Development/ThoughtWorks/PureTDD/MarsRovers - Refactored/Tests/MarsRovers.CommandCenter.Tests/bin/Debug/MarsRovers.CommandCenter.Tests.DLL" adapterTypeName="Microsoft.VisualStudio.TestTools.TestTypes.Unit.UnitTestAdapter, Microsoft.VisualStudio.QualityTools.Tips.UnitTest.Adapter, Version=10.0.0.0, Culture=neutral, PublicKeyToken=b03f5f7f11d50a3a" className="MarsRovers.CommandCenter.Tests.MarsRoverTest, MarsRovers.CommandCenter.Tests, Version=1.0.0.0, Culture=neutral, PublicKeyToken=null" name="RunMarsRoverForInitialPosition12NAndCommandInstructionLMR" />
    </UnitTest>
    <UnitTest name="ExecuteCommandCenterHavingTwoRovers" storage="d:\office\sampleprograms\test driven development\thoughtworks\puretdd\marsrovers - refactored\tests\marsrovers.functional.tests\bin\debug\marsrovers.functional.tests.dll" id="77578eec-8fe2-8acf-b897-54a8a2370ae9">
      <Description>Command center has two rovers, execute the command</Description>
      <Execution id="105f3046-4b56-44f4-897e-9822873be7e7" />
      <TestMethod codeBase="D:/Office/SamplePrograms/Test Driven Development/ThoughtWorks/PureTDD/MarsRovers - Refactored/Tests/MarsRovers.Functional.Tests/bin/Debug/MarsRovers.Functional.Tests.DLL" adapterTypeName="Microsoft.VisualStudio.TestTools.TestTypes.Unit.UnitTestAdapter, Microsoft.VisualStudio.QualityTools.Tips.UnitTest.Adapter, Version=10.0.0.0, Culture=neutral, PublicKeyToken=b03f5f7f11d50a3a" className="MarsRovers.Functional.Tests.RoverCommandCenterTest, MarsRovers.Functional.Tests, Version=1.0.0.0, Culture=neutral, PublicKeyToken=null" name="ExecuteCommandCenterHavingTwoRovers" />
    </UnitTest>
  </TestDefinitions>
  <TestLists>
    <TestList name="Results Not in a List" id="8c84fa94-04c1-424b-9868-57a2d4851a1d" />
    <TestList name="All Loaded Results" id="19431567-8539-422a-85d7-44ee4e166bda" />
  </TestLists>
  <TestEntries>
    <TestEntry testId="0d08e412-8515-2158-8e80-3ba3b763e029" executionId="1a8dcfde-c35b-4eea-9a2f-3f5617ce6c8a" testListId="8c84fa94-04c1-424b-9868-57a2d4851a1d" />
    <TestEntry testId="10162e16-c5d7-68b8-692c-587433d3aaf1" executionId="98117323-be1e-4275-a162-be4934177870" testListId="8c84fa94-04c1-424b-9868-57a2d4851a1d" />
    <TestEntry testId="340ff6ac-25d0-1517-e110-335822053db9" executionId="d83ad925-4281-4836-b76a-2d68aa88b7b9" testListId="8c84fa94-04c1-424b-9868-57a2d4851a1d" />
    <TestEntry testId="36ed5da5-079c-87f0-147c-812e0ec9733a" executionId="bda9f60f-73c0-4f07-b120-68bdfa2d84c2" testListId="8c84fa94-04c1-424b-9868-57a2d4851a1d" />
    <TestEntry testId="41a79758-fd7c-f9a3-4ba6-ac36f986397f" executionId="b797bb4b-f33a-4775-aba5-e14367433e2c" testListId="8c84fa94-04c1-424b-9868-57a2d4851a1d" />
    <TestEntry testId="4b66fc00-39e6-a142-659d-191f0cd517bd" executionId="f223e273-a6e3-45e7-9304-aad80e9b1f02" testListId="8c84fa94-04c1-424b-9868-57a2d4851a1d" />
    <TestEntry testId="6add42ec-d937-f62b-2021-e77365dd7357" executionId="ef7fd7d1-5eda-4f34-b9d8-d60fe89e3e02" testListId="8c84fa94-04c1-424b-9868-57a2d4851a1d" />
    <TestEntry testId="77578eec-8fe2-8acf-b897-54a8a2370ae9" executionId="105f3046-4b56-44f4-897e-9822873be7e7" testListId="8c84fa94-04c1-424b-9868-57a2d4851a1d" />
    <TestEntry testId="7a7f0264-a455-c6ba-2fa4-b91db6d514d9" executionId="c86ea0e5-6e47-402b-bb64-15c74e735397" testListId="8c84fa94-04c1-424b-9868-57a2d4851a1d" />
    <TestEntry testId="827560e0-810e-a968-87f0-3e784f1578a0" executionId="67381d91-2852-46bf-baf7-175f64293836" testListId="8c84fa94-04c1-424b-9868-57a2d4851a1d" />
    <TestEntry testId="a48b6e19-9c60-2421-3254-b5acc0b0be30" executionId="a56aa5f6-8f47-4949-b338-82edb9387fca" testListId="8c84fa94-04c1-424b-9868-57a2d4851a1d" />
    <TestEntry testId="c8e18a40-adbc-f375-f653-5f34022e6b50" executionId="212902f7-2dd9-4a31-a320-d205e60d6cb9" testListId="8c84fa94-04c1-424b-9868-57a2d4851a1d" />
    <TestEntry testId="d480ed2c-18df-809b-eb31-f1b3a8c88aea" executionId="40befcc0-7140-4342-a38b-ee440682903a" testListId="8c84fa94-04c1-424b-9868-57a2d4851a1d" />
    <TestEntry testId="df3ed798-4ead-6d37-e37c-f653d4275a8a" executionId="362fbcfd-d258-4293-a5af-4d1db25913b0" testListId="8c84fa94-04c1-424b-9868-57a2d4851a1d" />
    <TestEntry testId="e246197b-4e65-e6f8-8825-4f0c123a19fa" executionId="180dbe91-6e60-49f2-b8b4-99c8d5373997" testListId="8c84fa94-04c1-424b-9868-57a2d4851a1d" />
    <TestEntry testId="ef56b814-44c2-e2df-a1c3-f7bbabb64af3" executionId="b4763966-fccf-48fb-bab7-7a2ff945c5b1" testListId="8c84fa94-04c1-424b-9868-57a2d4851a1d" />
  </TestEntries>
  <Results>
    <UnitTestResult executionId="1a8dcfde-c35b-4eea-9a2f-3f5617ce6c8a" testId="0d08e412-8515-2158-8e80-3ba3b763e029" testName="ExecuteCommandCenterHavingTwoRoversPositionOverLapping" computerName="MCSAJJAN-PC" duration="00:00:28.0446041" startTime="2015-02-01T14:16:42.9980649+05:30" endTime="2015-02-01T14:17:11.0426690+05:30" testType="13cdc9d9-ddb5-4fa4-a97d-d965ccfc6d4b" outcome="Aborted" testListId="8c84fa94-04c1-424b-9868-57a2d4851a1d" relativeResultsDirectory="1a8dcfde-c35b-4eea-9a2f-3f5617ce6c8a">
    </UnitTestResult>
    <UnitTestResult executionId="98117323-be1e-4275-a162-be4934177870" testId="10162e16-c5d7-68b8-692c-587433d3aaf1" testName="RunMarsRoverForInitialPosition12NAndCommandInstructionLL" computerName="MCSAJJAN-PC" testType="13cdc9d9-ddb5-4fa4-a97d-d965ccfc6d4b" outcome="NotExecuted" testListId="8c84fa94-04c1-424b-9868-57a2d4851a1d" relativeResultsDirectory="98117323-be1e-4275-a162-be4934177870">
    </UnitTestResult>
    <UnitTestResult executionId="d83ad925-4281-4836-b76a-2d68aa88b7b9" testId="340ff6ac-25d0-1517-e110-335822053db9" testName="RunMarsRoverForInitialPosition12NAndCommandInstructionLMR" computerName="MCSAJJAN-PC" testType="13cdc9d9-ddb5-4fa4-a97d-d965ccfc6d4b" outcome="NotExecuted" testListId="8c84fa94-04c1-424b-9868-57a2d4851a1d" relativeResultsDirectory="d83ad925-4281-4836-b76a-2d68aa88b7b9">
    </UnitTestResult>
    <UnitTestResult executionId="bda9f60f-73c0-4f07-b120-68bdfa2d84c2" testId="36ed5da5-079c-87f0-147c-812e0ec9733a" testName="CanaryTest" computerName="MCSAJJAN-PC" testType="13cdc9d9-ddb5-4fa4-a97d-d965ccfc6d4b" outcome="NotExecuted" testListId="8c84fa94-04c1-424b-9868-57a2d4851a1d" relativeResultsDirectory="bda9f60f-73c0-4f07-b120-68bdfa2d84c2">
    </UnitTestResult>
    <UnitTestResult executionId="b797bb4b-f33a-4775-aba5-e14367433e2c" testId="41a79758-fd7c-f9a3-4ba6-ac36f986397f" testName="ValidateMarsRoverStopsAtMaxCoOrinatesOfPlateu" computerName="MCSAJJAN-PC" testType="13cdc9d9-ddb5-4fa4-a97d-d965ccfc6d4b" outcome="NotExecuted" testListId="8c84fa94-04c1-424b-9868-57a2d4851a1d" relativeResultsDirectory="b797bb4b-f33a-4775-aba5-e14367433e2c">
    </UnitTestResult>
    <UnitTestResult executionId="f223e273-a6e3-45e7-9304-aad80e9b1f02" testId="4b66fc00-39e6-a142-659d-191f0cd517bd" testName="RunMarsRoverForInitialPosition12NAndCommandInstructionR" computerName="MCSAJJAN-PC" testType="13cdc9d9-ddb5-4fa4-a97d-d965ccfc6d4b" outcome="NotExecuted" testListId="8c84fa94-04c1-424b-9868-57a2d4851a1d" relativeResultsDirectory="f223e273-a6e3-45e7-9304-aad80e9b1f02">
    </UnitTestResult>
    <UnitTestResult executionId="ef7fd7d1-5eda-4f34-b9d8-d60fe89e3e02" testId="6add42ec-d937-f62b-2021-e77365dd7357" testName="RunMarsRoverForInitialPosition12NAndCommandInstructionL" computerName="MCSAJJAN-PC" testType="13cdc9d9-ddb5-4fa4-a97d-d965ccfc6d4b" outcome="NotExecuted" testListId="8c84fa94-04c1-424b-9868-57a2d4851a1d" relativeResultsDirectory="ef7fd7d1-5eda-4f34-b9d8-d60fe89e3e02">
    </UnitTestResult>
    <UnitTestResult executionId="105f3046-4b56-44f4-897e-9822873be7e7" testId="77578eec-8fe2-8acf-b897-54a8a2370ae9" testName="ExecuteCommandCenterHavingTwoRovers" computerName="MCSAJJAN-PC" testType="13cdc9d9-ddb5-4fa4-a97d-d965ccfc6d4b" outcome="NotExecuted" testListId="8c84fa94-04c1-424b-9868-57a2d4851a1d" relativeResultsDirectory="105f3046-4b56-44f4-897e-9822873be7e7">
    </UnitTestResult>
    <UnitTestResult executionId="c86ea0e5-6e47-402b-bb64-15c74e735397" testId="7a7f0264-a455-c6ba-2fa4-b91db6d514d9" testName="RunMarsRoverForInitialPosition12NAndCommandInstructionMM" computerName="MCSAJJAN-PC" testType="13cdc9d9-ddb5-4fa4-a97d-d965ccfc6d4b" outcome="NotExecuted" testListId="8c84fa94-04c1-424b-9868-57a2d4851a1d" relativeResultsDirectory="c86ea0e5-6e47-402b-bb64-15c74e735397">
    </UnitTestResult>
    <UnitTestResult executionId="67381d91-2852-46bf-baf7-175f64293836" testId="827560e0-810e-a968-87f0-3e784f1578a0" testName="RunMarsRoverForInitialPosition12NAndCommandInstructionRR" computerName="MCSAJJAN-PC" testType="13cdc9d9-ddb5-4fa4-a97d-d965ccfc6d4b" outcome="NotExecuted" testListId="8c84fa94-04c1-424b-9868-57a2d4851a1d" relativeResultsDirectory="67381d91-2852-46bf-baf7-175f64293836">
    </UnitTestResult>
    <UnitTestResult executionId="a56aa5f6-8f47-4949-b338-82edb9387fca" testId="a48b6e19-9c60-2421-3254-b5acc0b0be30" testName="RunMarsRoverForInitialPosition12NAndCommandInstructionLMMR" computerName="MCSAJJAN-PC" testType="13cdc9d9-ddb5-4fa4-a97d-d965ccfc6d4b" outcome="NotExecuted" testListId="8c84fa94-04c1-424b-9868-57a2d4851a1d" relativeResultsDirectory="a56aa5f6-8f47-4949-b338-82edb9387fca">
    </UnitTestResult>
    <UnitTestResult executionId="212902f7-2dd9-4a31-a320-d205e60d6cb9" testId="c8e18a40-adbc-f375-f653-5f34022e6b50" testName="ValidateMarsRoverStopsAtMinCoOrinatesOfPlateu" computerName="MCSAJJAN-PC" testType="13cdc9d9-ddb5-4fa4-a97d-d965ccfc6d4b" outcome="NotExecuted" testListId="8c84fa94-04c1-424b-9868-57a2d4851a1d" relativeResultsDirectory="212902f7-2dd9-4a31-a320-d205e60d6cb9">
    </UnitTestResult>
    <UnitTestResult executionId="40befcc0-7140-4342-a38b-ee440682903a" testId="d480ed2c-18df-809b-eb31-f1b3a8c88aea" testName="RunMarsRoverForInitialPosition12NAndCommandInstructionM" computerName="MCSAJJAN-PC" testType="13cdc9d9-ddb5-4fa4-a97d-d965ccfc6d4b" outcome="NotExecuted" testListId="8c84fa94-04c1-424b-9868-57a2d4851a1d" relativeResultsDirectory="40befcc0-7140-4342-a38b-ee440682903a">
    </UnitTestResult>
    <UnitTestResult executionId="362fbcfd-d258-4293-a5af-4d1db25913b0" testId="df3ed798-4ead-6d37-e37c-f653d4275a8a" testName="ExecuteCommandCenterHavingSingleRover" computerName="MCSAJJAN-PC" testType="13cdc9d9-ddb5-4fa4-a97d-d965ccfc6d4b" outcome="NotExecuted" testListId="8c84fa94-04c1-424b-9868-57a2d4851a1d" relativeResultsDirectory="362fbcfd-d258-4293-a5af-4d1db25913b0">
    </UnitTestResult>
    <UnitTestResult executionId="180dbe91-6e60-49f2-b8b4-99c8d5373997" testId="e246197b-4e65-e6f8-8825-4f0c123a19fa" testName="RunMarsRoverForInitialPosition12NAndCommandInstructionRRMMMR" computerName="MCSAJJAN-PC" testType="13cdc9d9-ddb5-4fa4-a97d-d965ccfc6d4b" outcome="NotExecuted" testListId="8c84fa94-04c1-424b-9868-57a2d4851a1d" relativeResultsDirectory="180dbe91-6e60-49f2-b8b4-99c8d5373997">
    </UnitTestResult>
    <UnitTestResult executionId="b4763966-fccf-48fb-bab7-7a2ff945c5b1" testId="ef56b814-44c2-e2df-a1c3-f7bbabb64af3" testName="CanaryTest" computerName="MCSAJJAN-PC" testType="13cdc9d9-ddb5-4fa4-a97d-d965ccfc6d4b" outcome="NotExecuted" testListId="8c84fa94-04c1-424b-9868-57a2d4851a1d" relativeResultsDirectory="b4763966-fccf-48fb-bab7-7a2ff945c5b1">
    </UnitTestResult>
  </Results>
</TestRun>