<?xml version="1.0" encoding="UTF-8"?>
<TestRun id="a1a775fb-208e-47d9-a78d-1f24d92803bf" name="mcsajjan@MCSAJJAN-PC 2015-02-01 14:27:08" runUser="mcsajjan-PC\mcsajjan" xmlns="http://microsoft.com/schemas/VisualStudio/TeamTest/2010">
  <TestSettings name="Local" id="1c2ea94c-a709-4dbc-9351-8217ff832792">
    <Description>These are default test settings for a local test run.</Description>
    <Deployment enabled="false" runDeploymentRoot="mcsajjan_MCSAJJAN-PC 2015-02-01 14_27_08">
      <DeploymentItem filename="D:\Office\SamplePrograms\Test Driven Development\ThoughtWorks\PureTDD\MarsRovers - Refactored\MarsRovers.CommandCenter\bin\Debug\MarsRovers.CommandCenter.dll" />
      <DeploymentItem filename="D:\Office\SamplePrograms\Test Driven Development\ThoughtWorks\PureTDD\MarsRovers - Refactored\MarsRovers\bin\Debug\MarsRovers.exe" />
    </Deployment>
    <Execution>
      <TestTypeSpecific />
      <AgentRule name="Execution Agents">
      </AgentRule>
    </Execution>
  </TestSettings>
  <Times creation="2015-02-01T14:27:08.9478672+05:30" queuing="2015-02-01T14:27:09.6389067+05:30" start="2015-02-01T14:27:09.6689085+05:30" finish="2015-02-01T14:27:10.5739602+05:30" />
  <ResultSummary outcome="Completed">
    <Counters total="16" executed="16" passed="16" error="0" failed="0" timeout="0" aborted="0" inconclusive="0" passedButRunAborted="0" notRunnable="0" notExecuted="0" disconnected="0" warning="0" completed="0" inProgress="0" pending="0" />
  </ResultSummary>
  <TestDefinitions>
    <UnitTest name="RunMarsRoverForInitialPosition12NAndCommandInstructionL" storage="d:\office\sampleprograms\test driven development\thoughtworks\puretdd\marsrovers - refactored\tests\marsrovers.commandcenter.tests\bin\debug\marsrovers.commandcenter.tests.dll" id="6add42ec-d937-f62b-2021-e77365dd7357">
      <Description>Rum Mars rover for the initial position 12N and commandinstruction L</Description>
      <Execution id="23cfb1d8-92ae-4534-aca8-de6a213ec376" />
      <TestMethod codeBase="D:/Office/SamplePrograms/Test Driven Development/ThoughtWorks/PureTDD/MarsRovers - Refactored/Tests/MarsRovers.CommandCenter.Tests/bin/Debug/MarsRovers.CommandCenter.Tests.DLL" adapterTypeName="Microsoft.VisualStudio.TestTools.TestTypes.Unit.UnitTestAdapter, Microsoft.VisualStudio.QualityTools.Tips.UnitTest.Adapter, Version=10.0.0.0, Culture=neutral, PublicKeyToken=b03f5f7f11d50a3a" className="MarsRovers.CommandCenter.Tests.MarsRoverTest, MarsRovers.CommandCenter.Tests, Version=1.0.0.0, Culture=neutral, PublicKeyToken=null" name="RunMarsRoverForInitialPosition12NAndCommandInstructionL" />
    </UnitTest>
    <UnitTest name="RunMarsRoverForInitialPosition12NAndCommandInstructionLMMR" storage="d:\office\sampleprograms\test driven development\thoughtworks\puretdd\marsrovers - refactored\tests\marsrovers.commandcenter.tests\bin\debug\marsrovers.commandcenter.tests.dll" id="a48b6e19-9c60-2421-3254-b5acc0b0be30">
      <Description>Rum Mars rover for the initial position 12N and commandinstruction LMMR</Description>
      <Execution id="5e76bbd3-ec6a-4158-a07d-ae801919bd8e" />
      <TestMethod codeBase="D:/Office/SamplePrograms/Test Driven Development/ThoughtWorks/PureTDD/MarsRovers - Refactored/Tests/MarsRovers.CommandCenter.Tests/bin/Debug/MarsRovers.CommandCenter.Tests.DLL" adapterTypeName="Microsoft.VisualStudio.TestTools.TestTypes.Unit.UnitTestAdapter, Microsoft.VisualStudio.QualityTools.Tips.UnitTest.Adapter, Version=10.0.0.0, Culture=neutral, PublicKeyToken=b03f5f7f11d50a3a" className="MarsRovers.CommandCenter.Tests.MarsRoverTest, MarsRovers.CommandCenter.Tests, Version=1.0.0.0, Culture=neutral, PublicKeyToken=null" name="RunMarsRoverForInitialPosition12NAndCommandInstructionLMMR" />
    </UnitTest>
    <UnitTest name="RunMarsRoverForInitialPosition12NAndCommandInstructionRRMMMR" storage="d:\office\sampleprograms\test driven development\thoughtworks\puretdd\marsrovers - refactored\tests\marsrovers.commandcenter.tests\bin\debug\marsrovers.commandcenter.tests.dll" id="e246197b-4e65-e6f8-8825-4f0c123a19fa">
      <Description>Rum Mars rover for the initial position 12N and commandinstruction RRMMMR</Description>
      <Execution id="82057ccf-997a-4803-a7a2-cac5dbb4e49f" />
      <TestMethod codeBase="D:/Office/SamplePrograms/Test Driven Development/ThoughtWorks/PureTDD/MarsRovers - Refactored/Tests/MarsRovers.CommandCenter.Tests/bin/Debug/MarsRovers.CommandCenter.Tests.DLL" adapterTypeName="Microsoft.VisualStudio.TestTools.TestTypes.Unit.UnitTestAdapter, Microsoft.VisualStudio.QualityTools.Tips.UnitTest.Adapter, Version=10.0.0.0, Culture=neutral, PublicKeyToken=b03f5f7f11d50a3a" className="MarsRovers.CommandCenter.Tests.MarsRoverTest, MarsRovers.CommandCenter.Tests, Version=1.0.0.0, Culture=neutral, PublicKeyToken=null" name="RunMarsRoverForInitialPosition12NAndCommandInstructionRRMMMR" />
    </UnitTest>
    <UnitTest name="CanaryTest" storage="d:\office\sampleprograms\test driven development\thoughtworks\puretdd\marsrovers - refactored\tests\marsrovers.functional.tests\bin\debug\marsrovers.functional.tests.dll" id="36ed5da5-079c-87f0-147c-812e0ec9733a">
      <Execution id="49058c10-319a-4d08-85fd-b58fa2ba9efe" />
      <TestMethod codeBase="D:/Office/SamplePrograms/Test Driven Development/ThoughtWorks/PureTDD/MarsRovers - Refactored/Tests/MarsRovers.Functional.Tests/bin/Debug/MarsRovers.Functional.Tests.DLL" adapterTypeName="Microsoft.VisualStudio.TestTools.TestTypes.Unit.UnitTestAdapter, Microsoft.VisualStudio.QualityTools.Tips.UnitTest.Adapter, Version=10.0.0.0, Culture=neutral, PublicKeyToken=b03f5f7f11d50a3a" className="MarsRovers.Functional.Tests.RoverCommandCenterTest, MarsRovers.Functional.Tests, Version=1.0.0.0, Culture=neutral, PublicKeyToken=null" name="CanaryTest" />
    </UnitTest>
    <UnitTest name="RunMarsRoverForInitialPosition12NAndCommandInstructionLL" storage="d:\office\sampleprograms\test driven development\thoughtworks\puretdd\marsrovers - refactored\tests\marsrovers.commandcenter.tests\bin\debug\marsrovers.commandcenter.tests.dll" id="10162e16-c5d7-68b8-692c-587433d3aaf1">
      <Description>Rum Mars rover for the initial position 12N and commandinstruction LL</Description>
      <Execution id="988e09f8-b667-40a7-bf84-f9242ce81e53" />
      <TestMethod codeBase="D:/Office/SamplePrograms/Test Driven Development/ThoughtWorks/PureTDD/MarsRovers - Refactored/Tests/MarsRovers.CommandCenter.Tests/bin/Debug/MarsRovers.CommandCenter.Tests.DLL" adapterTypeName="Microsoft.VisualStudio.TestTools.TestTypes.Unit.UnitTestAdapter, Microsoft.VisualStudio.QualityTools.Tips.UnitTest.Adapter, Version=10.0.0.0, Culture=neutral, PublicKeyToken=b03f5f7f11d50a3a" className="MarsRovers.CommandCenter.Tests.MarsRoverTest, MarsRovers.CommandCenter.Tests, Version=1.0.0.0, Culture=neutral, PublicKeyToken=null" name="RunMarsRoverForInitialPosition12NAndCommandInstructionLL" />
    </UnitTest>
    <UnitTest name="CanaryTest" storage="d:\office\sampleprograms\test driven development\thoughtworks\puretdd\marsrovers - refactored\tests\marsrovers.commandcenter.tests\bin\debug\marsrovers.commandcenter.tests.dll" id="ef56b814-44c2-e2df-a1c3-f7bbabb64af3">
      <Execution id="0e39f9ca-3e13-481a-a289-ef17318b0218" />
      <TestMethod codeBase="D:/Office/SamplePrograms/Test Driven Development/ThoughtWorks/PureTDD/MarsRovers - Refactored/Tests/MarsRovers.CommandCenter.Tests/bin/Debug/MarsRovers.CommandCenter.Tests.DLL" adapterTypeName="Microsoft.VisualStudio.TestTools.TestTypes.Unit.UnitTestAdapter, Microsoft.VisualStudio.QualityTools.Tips.UnitTest.Adapter, Version=10.0.0.0, Culture=neutral, PublicKeyToken=b03f5f7f11d50a3a" className="MarsRovers.CommandCenter.Tests.MarsRoverTest, MarsRovers.CommandCenter.Tests, Version=1.0.0.0, Culture=neutral, PublicKeyToken=null" name="CanaryTest" />
    </UnitTest>
    <UnitTest name="ExecuteCommandCenterHavingTwoRoversPositionOverLapping" storage="d:\office\sampleprograms\test driven development\thoughtworks\puretdd\marsrovers - refactored\tests\marsrovers.functional.tests\bin\debug\marsrovers.functional.tests.dll" id="0d08e412-8515-2158-8e80-3ba3b763e029">
      <Description>Command center has two rovers, rover positions overlap</Description>
      <Execution id="518835c0-ac55-4e2d-bff1-71875809cb98" />
      <TestMethod codeBase="D:/Office/SamplePrograms/Test Driven Development/ThoughtWorks/PureTDD/MarsRovers - Refactored/Tests/MarsRovers.Functional.Tests/bin/Debug/MarsRovers.Functional.Tests.DLL" adapterTypeName="Microsoft.VisualStudio.TestTools.TestTypes.Unit.UnitTestAdapter, Microsoft.VisualStudio.QualityTools.Tips.UnitTest.Adapter, Version=10.0.0.0, Culture=neutral, PublicKeyToken=b03f5f7f11d50a3a" className="MarsRovers.Functional.Tests.RoverCommandCenterTest, MarsRovers.Functional.Tests, Version=1.0.0.0, Culture=neutral, PublicKeyToken=null" name="ExecuteCommandCenterHavingTwoRoversPositionOverLapping" />
    </UnitTest>
    <UnitTest name="ExecuteCommandCenterHavingSingleRover" storage="d:\office\sampleprograms\test driven development\thoughtworks\puretdd\marsrovers - refactored\tests\marsrovers.functional.tests\bin\debug\marsrovers.functional.tests.dll" id="df3ed798-4ead-6d37-e37c-f653d4275a8a">
      <Description>Command center has single rover, execute the command</Description>
      <Execution id="0e958946-969f-474e-8cda-7757df231908" />
      <TestMethod codeBase="D:/Office/SamplePrograms/Test Driven Development/ThoughtWorks/PureTDD/MarsRovers - Refactored/Tests/MarsRovers.Functional.Tests/bin/Debug/MarsRovers.Functional.Tests.DLL" adapterTypeName="Microsoft.VisualStudio.TestTools.TestTypes.Unit.UnitTestAdapter, Microsoft.VisualStudio.QualityTools.Tips.UnitTest.Adapter, Version=10.0.0.0, Culture=neutral, PublicKeyToken=b03f5f7f11d50a3a" className="MarsRovers.Functional.Tests.RoverCommandCenterTest, MarsRovers.Functional.Tests, Version=1.0.0.0, Culture=neutral, PublicKeyToken=null" name="ExecuteCommandCenterHavingSingleRover" />
    </UnitTest>
    <UnitTest name="RunMarsRoverForInitialPosition12NAndCommandInstructionR" storage="d:\office\sampleprograms\test driven development\thoughtworks\puretdd\marsrovers - refactored\tests\marsrovers.commandcenter.tests\bin\debug\marsrovers.commandcenter.tests.dll" id="4b66fc00-39e6-a142-659d-191f0cd517bd">
      <Description>Rum Mars rover for the initial position 12N and commandinstruction R</Description>
      <Execution id="3140dac1-0234-4390-9527-1eb4c61dee65" />
      <TestMethod codeBase="D:/Office/SamplePrograms/Test Driven Development/ThoughtWorks/PureTDD/MarsRovers - Refactored/Tests/MarsRovers.CommandCenter.Tests/bin/Debug/MarsRovers.CommandCenter.Tests.DLL" adapterTypeName="Microsoft.VisualStudio.TestTools.TestTypes.Unit.UnitTestAdapter, Microsoft.VisualStudio.QualityTools.Tips.UnitTest.Adapter, Version=10.0.0.0, Culture=neutral, PublicKeyToken=b03f5f7f11d50a3a" className="MarsRovers.CommandCenter.Tests.MarsRoverTest, MarsRovers.CommandCenter.Tests, Version=1.0.0.0, Culture=neutral, PublicKeyToken=null" name="RunMarsRoverForInitialPosition12NAndCommandInstructionR" />
    </UnitTest>
    <UnitTest name="RunMarsRoverForInitialPosition12NAndCommandInstructionMM" storage="d:\office\sampleprograms\test driven development\thoughtworks\puretdd\marsrovers - refactored\tests\marsrovers.commandcenter.tests\bin\debug\marsrovers.commandcenter.tests.dll" id="7a7f0264-a455-c6ba-2fa4-b91db6d514d9">
      <Description>Rum Mars rover for the initial position 12N and commandinstruction MM</Description>
      <Execution id="65fab094-0ecc-430b-b619-d9251c1f715b" />
      <TestMethod codeBase="D:/Office/SamplePrograms/Test Driven Development/ThoughtWorks/PureTDD/MarsRovers - Refactored/Tests/MarsRovers.CommandCenter.Tests/bin/Debug/MarsRovers.CommandCenter.Tests.DLL" adapterTypeName="Microsoft.VisualStudio.TestTools.TestTypes.Unit.UnitTestAdapter, Microsoft.VisualStudio.QualityTools.Tips.UnitTest.Adapter, Version=10.0.0.0, Culture=neutral, PublicKeyToken=b03f5f7f11d50a3a" className="MarsRovers.CommandCenter.Tests.MarsRoverTest, MarsRovers.CommandCenter.Tests, Version=1.0.0.0, Culture=neutral, PublicKeyToken=null" name="RunMarsRoverForInitialPosition12NAndCommandInstructionMM" />
    </UnitTest>
    <UnitTest name="RunMarsRoverForInitialPosition12NAndCommandInstructionM" storage="d:\office\sampleprograms\test driven development\thoughtworks\puretdd\marsrovers - refactored\tests\marsrovers.commandcenter.tests\bin\debug\marsrovers.commandcenter.tests.dll" id="d480ed2c-18df-809b-eb31-f1b3a8c88aea">
      <Description>Rum Mars rover for the initial position 12N and commandinstruction M</Description>
      <Execution id="023c7a8f-ed89-4da4-ac6d-610a11b61fe7" />
      <TestMethod codeBase="D:/Office/SamplePrograms/Test Driven Development/ThoughtWorks/PureTDD/MarsRovers - Refactored/Tests/MarsRovers.CommandCenter.Tests/bin/Debug/MarsRovers.CommandCenter.Tests.DLL" adapterTypeName="Microsoft.VisualStudio.TestTools.TestTypes.Unit.UnitTestAdapter, Microsoft.VisualStudio.QualityTools.Tips.UnitTest.Adapter, Version=10.0.0.0, Culture=neutral, PublicKeyToken=b03f5f7f11d50a3a" className="MarsRovers.CommandCenter.Tests.MarsRoverTest, MarsRovers.CommandCenter.Tests, Version=1.0.0.0, Culture=neutral, PublicKeyToken=null" name="RunMarsRoverForInitialPosition12NAndCommandInstructionM" />
    </UnitTest>
    <UnitTest name="ValidateMarsRoverStopsAtMaxCoOrinatesOfPlateu" storage="d:\office\sampleprograms\test driven development\thoughtworks\puretdd\marsrovers - refactored\tests\marsrovers.commandcenter.tests\bin\debug\marsrovers.commandcenter.tests.dll" id="41a79758-fd7c-f9a3-4ba6-ac36f986397f">
      <Description>Validate that mars roves stop at the max co-ordinates of the plateu</Description>
      <Execution id="f9de36b0-fdd6-438b-a43c-68d458622830" />
      <TestMethod codeBase="D:/Office/SamplePrograms/Test Driven Development/ThoughtWorks/PureTDD/MarsRovers - Refactored/Tests/MarsRovers.CommandCenter.Tests/bin/Debug/MarsRovers.CommandCenter.Tests.DLL" adapterTypeName="Microsoft.VisualStudio.TestTools.TestTypes.Unit.UnitTestAdapter, Microsoft.VisualStudio.QualityTools.Tips.UnitTest.Adapter, Version=10.0.0.0, Culture=neutral, PublicKeyToken=b03f5f7f11d50a3a" className="MarsRovers.CommandCenter.Tests.MarsRoverTest, MarsRovers.CommandCenter.Tests, Version=1.0.0.0, Culture=neutral, PublicKeyToken=null" name="ValidateMarsRoverStopsAtMaxCoOrinatesOfPlateu" />
    </UnitTest>
    <UnitTest name="ValidateMarsRoverStopsAtMinCoOrinatesOfPlateu" storage="d:\office\sampleprograms\test driven development\thoughtworks\puretdd\marsrovers - refactored\tests\marsrovers.commandcenter.tests\bin\debug\marsrovers.commandcenter.tests.dll" id="c8e18a40-adbc-f375-f653-5f34022e6b50">
      <Description>Validate that mars roves stop at the mix co-ordinates of the plateu</Description>
      <Execution id="9b69a39e-49f3-4154-b953-e777e18cf39f" />
      <TestMethod codeBase="D:/Office/SamplePrograms/Test Driven Development/ThoughtWorks/PureTDD/MarsRovers - Refactored/Tests/MarsRovers.CommandCenter.Tests/bin/Debug/MarsRovers.CommandCenter.Tests.DLL" adapterTypeName="Microsoft.VisualStudio.TestTools.TestTypes.Unit.UnitTestAdapter, Microsoft.VisualStudio.QualityTools.Tips.UnitTest.Adapter, Version=10.0.0.0, Culture=neutral, PublicKeyToken=b03f5f7f11d50a3a" className="MarsRovers.CommandCenter.Tests.MarsRoverTest, MarsRovers.CommandCenter.Tests, Version=1.0.0.0, Culture=neutral, PublicKeyToken=null" name="ValidateMarsRoverStopsAtMinCoOrinatesOfPlateu" />
    </UnitTest>
    <UnitTest name="RunMarsRoverForInitialPosition12NAndCommandInstructionRR" storage="d:\office\sampleprograms\test driven development\thoughtworks\puretdd\marsrovers - refactored\tests\marsrovers.commandcenter.tests\bin\debug\marsrovers.commandcenter.tests.dll" id="827560e0-810e-a968-87f0-3e784f1578a0">
      <Description>Rum Mars rover for the initial position 12N and commandinstruction RR</Description>
      <Execution id="f099ecb1-0fae-4921-b23e-dcdd3f5ad4f7" />
      <TestMethod codeBase="D:/Office/SamplePrograms/Test Driven Development/ThoughtWorks/PureTDD/MarsRovers - Refactored/Tests/MarsRovers.CommandCenter.Tests/bin/Debug/MarsRovers.CommandCenter.Tests.DLL" adapterTypeName="Microsoft.VisualStudio.TestTools.TestTypes.Unit.UnitTestAdapter, Microsoft.VisualStudio.QualityTools.Tips.UnitTest.Adapter, Version=10.0.0.0, Culture=neutral, PublicKeyToken=b03f5f7f11d50a3a" className="MarsRovers.CommandCenter.Tests.MarsRoverTest, MarsRovers.CommandCenter.Tests, Version=1.0.0.0, Culture=neutral, PublicKeyToken=null" name="RunMarsRoverForInitialPosition12NAndCommandInstructionRR" />
    </UnitTest>
    <UnitTest name="RunMarsRoverForInitialPosition12NAndCommandInstructionLMR" storage="d:\office\sampleprograms\test driven development\thoughtworks\puretdd\marsrovers - refactored\tests\marsrovers.commandcenter.tests\bin\debug\marsrovers.commandcenter.tests.dll" id="340ff6ac-25d0-1517-e110-335822053db9">
      <Description>Rum Mars rover for the initial position 12N and commandinstruction LMR</Description>
      <Execution id="c2e4dbad-1fbb-4bfc-8741-3c22e41dd86a" />
      <TestMethod codeBase="D:/Office/SamplePrograms/Test Driven Development/ThoughtWorks/PureTDD/MarsRovers - Refactored/Tests/MarsRovers.CommandCenter.Tests/bin/Debug/MarsRovers.CommandCenter.Tests.DLL" adapterTypeName="Microsoft.VisualStudio.TestTools.TestTypes.Unit.UnitTestAdapter, Microsoft.VisualStudio.QualityTools.Tips.UnitTest.Adapter, Version=10.0.0.0, Culture=neutral, PublicKeyToken=b03f5f7f11d50a3a" className="MarsRovers.CommandCenter.Tests.MarsRoverTest, MarsRovers.CommandCenter.Tests, Version=1.0.0.0, Culture=neutral, PublicKeyToken=null" name="RunMarsRoverForInitialPosition12NAndCommandInstructionLMR" />
    </UnitTest>
    <UnitTest name="ExecuteCommandCenterHavingTwoRovers" storage="d:\office\sampleprograms\test driven development\thoughtworks\puretdd\marsrovers - refactored\tests\marsrovers.functional.tests\bin\debug\marsrovers.functional.tests.dll" id="77578eec-8fe2-8acf-b897-54a8a2370ae9">
      <Description>Command center has two rovers, execute the command</Description>
      <Execution id="8e620661-eaae-499e-a63e-d11cfd6d8ccf" />
      <TestMethod codeBase="D:/Office/SamplePrograms/Test Driven Development/ThoughtWorks/PureTDD/MarsRovers - Refactored/Tests/MarsRovers.Functional.Tests/bin/Debug/MarsRovers.Functional.Tests.DLL" adapterTypeName="Microsoft.VisualStudio.TestTools.TestTypes.Unit.UnitTestAdapter, Microsoft.VisualStudio.QualityTools.Tips.UnitTest.Adapter, Version=10.0.0.0, Culture=neutral, PublicKeyToken=b03f5f7f11d50a3a" className="MarsRovers.Functional.Tests.RoverCommandCenterTest, MarsRovers.Functional.Tests, Version=1.0.0.0, Culture=neutral, PublicKeyToken=null" name="ExecuteCommandCenterHavingTwoRovers" />
    </UnitTest>
  </TestDefinitions>
  <TestLists>
    <TestList name="Results Not in a List" id="8c84fa94-04c1-424b-9868-57a2d4851a1d" />
    <TestList name="All Loaded Results" id="19431567-8539-422a-85d7-44ee4e166bda" />
  </TestLists>
  <TestEntries>
    <TestEntry testId="0d08e412-8515-2158-8e80-3ba3b763e029" executionId="518835c0-ac55-4e2d-bff1-71875809cb98" testListId="8c84fa94-04c1-424b-9868-57a2d4851a1d" />
    <TestEntry testId="10162e16-c5d7-68b8-692c-587433d3aaf1" executionId="988e09f8-b667-40a7-bf84-f9242ce81e53" testListId="8c84fa94-04c1-424b-9868-57a2d4851a1d" />
    <TestEntry testId="340ff6ac-25d0-1517-e110-335822053db9" executionId="c2e4dbad-1fbb-4bfc-8741-3c22e41dd86a" testListId="8c84fa94-04c1-424b-9868-57a2d4851a1d" />
    <TestEntry testId="36ed5da5-079c-87f0-147c-812e0ec9733a" executionId="49058c10-319a-4d08-85fd-b58fa2ba9efe" testListId="8c84fa94-04c1-424b-9868-57a2d4851a1d" />
    <TestEntry testId="41a79758-fd7c-f9a3-4ba6-ac36f986397f" executionId="f9de36b0-fdd6-438b-a43c-68d458622830" testListId="8c84fa94-04c1-424b-9868-57a2d4851a1d" />
    <TestEntry testId="4b66fc00-39e6-a142-659d-191f0cd517bd" executionId="3140dac1-0234-4390-9527-1eb4c61dee65" testListId="8c84fa94-04c1-424b-9868-57a2d4851a1d" />
    <TestEntry testId="6add42ec-d937-f62b-2021-e77365dd7357" executionId="23cfb1d8-92ae-4534-aca8-de6a213ec376" testListId="8c84fa94-04c1-424b-9868-57a2d4851a1d" />
    <TestEntry testId="77578eec-8fe2-8acf-b897-54a8a2370ae9" executionId="8e620661-eaae-499e-a63e-d11cfd6d8ccf" testListId="8c84fa94-04c1-424b-9868-57a2d4851a1d" />
    <TestEntry testId="7a7f0264-a455-c6ba-2fa4-b91db6d514d9" executionId="65fab094-0ecc-430b-b619-d9251c1f715b" testListId="8c84fa94-04c1-424b-9868-57a2d4851a1d" />
    <TestEntry testId="827560e0-810e-a968-87f0-3e784f1578a0" executionId="f099ecb1-0fae-4921-b23e-dcdd3f5ad4f7" testListId="8c84fa94-04c1-424b-9868-57a2d4851a1d" />
    <TestEntry testId="a48b6e19-9c60-2421-3254-b5acc0b0be30" executionId="5e76bbd3-ec6a-4158-a07d-ae801919bd8e" testListId="8c84fa94-04c1-424b-9868-57a2d4851a1d" />
    <TestEntry testId="c8e18a40-adbc-f375-f653-5f34022e6b50" executionId="9b69a39e-49f3-4154-b953-e777e18cf39f" testListId="8c84fa94-04c1-424b-9868-57a2d4851a1d" />
    <TestEntry testId="d480ed2c-18df-809b-eb31-f1b3a8c88aea" executionId="023c7a8f-ed89-4da4-ac6d-610a11b61fe7" testListId="8c84fa94-04c1-424b-9868-57a2d4851a1d" />
    <TestEntry testId="df3ed798-4ead-6d37-e37c-f653d4275a8a" executionId="0e958946-969f-474e-8cda-7757df231908" testListId="8c84fa94-04c1-424b-9868-57a2d4851a1d" />
    <TestEntry testId="e246197b-4e65-e6f8-8825-4f0c123a19fa" executionId="82057ccf-997a-4803-a7a2-cac5dbb4e49f" testListId="8c84fa94-04c1-424b-9868-57a2d4851a1d" />
    <TestEntry testId="ef56b814-44c2-e2df-a1c3-f7bbabb64af3" executionId="0e39f9ca-3e13-481a-a289-ef17318b0218" testListId="8c84fa94-04c1-424b-9868-57a2d4851a1d" />
  </TestEntries>
  <Results>
    <UnitTestResult executionId="518835c0-ac55-4e2d-bff1-71875809cb98" testId="0d08e412-8515-2158-8e80-3ba3b763e029" testName="ExecuteCommandCenterHavingTwoRoversPositionOverLapping" computerName="MCSAJJAN-PC" duration="00:00:00.0227958" startTime="2015-02-01T14:27:09.6869095+05:30" endTime="2015-02-01T14:27:10.1029333+05:30" testType="13cdc9d9-ddb5-4fa4-a97d-d965ccfc6d4b" outcome="Passed" testListId="8c84fa94-04c1-424b-9868-57a2d4851a1d" relativeResultsDirectory="518835c0-ac55-4e2d-bff1-71875809cb98">
    </UnitTestResult>
    <UnitTestResult executionId="988e09f8-b667-40a7-bf84-f9242ce81e53" testId="10162e16-c5d7-68b8-692c-587433d3aaf1" testName="RunMarsRoverForInitialPosition12NAndCommandInstructionLL" computerName="MCSAJJAN-PC" duration="00:00:00.0099182" startTime="2015-02-01T14:27:10.1129339+05:30" endTime="2015-02-01T14:27:10.4219515+05:30" testType="13cdc9d9-ddb5-4fa4-a97d-d965ccfc6d4b" outcome="Passed" testListId="8c84fa94-04c1-424b-9868-57a2d4851a1d" relativeResultsDirectory="988e09f8-b667-40a7-bf84-f9242ce81e53">
    </UnitTestResult>
    <UnitTestResult executionId="c2e4dbad-1fbb-4bfc-8741-3c22e41dd86a" testId="340ff6ac-25d0-1517-e110-335822053db9" testName="RunMarsRoverForInitialPosition12NAndCommandInstructionLMR" computerName="MCSAJJAN-PC" duration="00:00:00.0005096" startTime="2015-02-01T14:27:10.4259518+05:30" endTime="2015-02-01T14:27:10.4309520+05:30" testType="13cdc9d9-ddb5-4fa4-a97d-d965ccfc6d4b" outcome="Passed" testListId="8c84fa94-04c1-424b-9868-57a2d4851a1d" relativeResultsDirectory="c2e4dbad-1fbb-4bfc-8741-3c22e41dd86a">
    </UnitTestResult>
    <UnitTestResult executionId="49058c10-319a-4d08-85fd-b58fa2ba9efe" testId="36ed5da5-079c-87f0-147c-812e0ec9733a" testName="CanaryTest" computerName="MCSAJJAN-PC" duration="00:00:00.0001517" startTime="2015-02-01T14:27:10.4329522+05:30" endTime="2015-02-01T14:27:10.4379524+05:30" testType="13cdc9d9-ddb5-4fa4-a97d-d965ccfc6d4b" outcome="Passed" testListId="8c84fa94-04c1-424b-9868-57a2d4851a1d" relativeResultsDirectory="49058c10-319a-4d08-85fd-b58fa2ba9efe">
    </UnitTestResult>
    <UnitTestResult executionId="f9de36b0-fdd6-438b-a43c-68d458622830" testId="41a79758-fd7c-f9a3-4ba6-ac36f986397f" testName="ValidateMarsRoverStopsAtMaxCoOrinatesOfPlateu" computerName="MCSAJJAN-PC" duration="00:00:00.0003634" startTime="2015-02-01T14:27:10.4399526+05:30" endTime="2015-02-01T14:27:10.4459529+05:30" testType="13cdc9d9-ddb5-4fa4-a97d-d965ccfc6d4b" outcome="Passed" testListId="8c84fa94-04c1-424b-9868-57a2d4851a1d" relativeResultsDirectory="f9de36b0-fdd6-438b-a43c-68d458622830">
    </UnitTestResult>
    <UnitTestResult executionId="3140dac1-0234-4390-9527-1eb4c61dee65" testId="4b66fc00-39e6-a142-659d-191f0cd517bd" testName="RunMarsRoverForInitialPosition12NAndCommandInstructionR" computerName="MCSAJJAN-PC" duration="00:00:00.0001892" startTime="2015-02-01T14:27:10.4489531+05:30" endTime="2015-02-01T14:27:10.4539534+05:30" testType="13cdc9d9-ddb5-4fa4-a97d-d965ccfc6d4b" outcome="Passed" testListId="8c84fa94-04c1-424b-9868-57a2d4851a1d" relativeResultsDirectory="3140dac1-0234-4390-9527-1eb4c61dee65">
    </UnitTestResult>
    <UnitTestResult executionId="23cfb1d8-92ae-4534-aca8-de6a213ec376" testId="6add42ec-d937-f62b-2021-e77365dd7357" testName="RunMarsRoverForInitialPosition12NAndCommandInstructionL" computerName="MCSAJJAN-PC" duration="00:00:00.0001892" startTime="2015-02-01T14:27:10.4569535+05:30" endTime="2015-02-01T14:27:10.4619538+05:30" testType="13cdc9d9-ddb5-4fa4-a97d-d965ccfc6d4b" outcome="Passed" testListId="8c84fa94-04c1-424b-9868-57a2d4851a1d" relativeResultsDirectory="23cfb1d8-92ae-4534-aca8-de6a213ec376">
    </UnitTestResult>
    <UnitTestResult executionId="8e620661-eaae-499e-a63e-d11cfd6d8ccf" testId="77578eec-8fe2-8acf-b897-54a8a2370ae9" testName="ExecuteCommandCenterHavingTwoRovers" computerName="MCSAJJAN-PC" duration="00:00:00.0003204" startTime="2015-02-01T14:27:10.4639539+05:30" endTime="2015-02-01T14:27:10.4689542+05:30" testType="13cdc9d9-ddb5-4fa4-a97d-d965ccfc6d4b" outcome="Passed" testListId="8c84fa94-04c1-424b-9868-57a2d4851a1d" relativeResultsDirectory="8e620661-eaae-499e-a63e-d11cfd6d8ccf">
    </UnitTestResult>
    <UnitTestResult executionId="65fab094-0ecc-430b-b619-d9251c1f715b" testId="7a7f0264-a455-c6ba-2fa4-b91db6d514d9" testName="RunMarsRoverForInitialPosition12NAndCommandInstructionMM" computerName="MCSAJJAN-PC" duration="00:00:00.0001975" startTime="2015-02-01T14:27:10.4719544+05:30" endTime="2015-02-01T14:27:10.4769547+05:30" testType="13cdc9d9-ddb5-4fa4-a97d-d965ccfc6d4b" outcome="Passed" testListId="8c84fa94-04c1-424b-9868-57a2d4851a1d" relativeResultsDirectory="65fab094-0ecc-430b-b619-d9251c1f715b">
    </UnitTestResult>
    <UnitTestResult executionId="f099ecb1-0fae-4921-b23e-dcdd3f5ad4f7" testId="827560e0-810e-a968-87f0-3e784f1578a0" testName="RunMarsRoverForInitialPosition12NAndCommandInstructionRR" computerName="MCSAJJAN-PC" duration="00:00:00.0001991" startTime="2015-02-01T14:27:10.4789548+05:30" endTime="2015-02-01T14:27:10.4839551+05:30" testType="13cdc9d9-ddb5-4fa4-a97d-d965ccfc6d4b" outcome="Passed" testListId="8c84fa94-04c1-424b-9868-57a2d4851a1d" relativeResultsDirectory="f099ecb1-0fae-4921-b23e-dcdd3f5ad4f7">
    </UnitTestResult>
    <UnitTestResult executionId="5e76bbd3-ec6a-4158-a07d-ae801919bd8e" testId="a48b6e19-9c60-2421-3254-b5acc0b0be30" testName="RunMarsRoverForInitialPosition12NAndCommandInstructionLMMR" computerName="MCSAJJAN-PC" duration="00:00:00.0001975" startTime="2015-02-01T14:27:10.4859552+05:30" endTime="2015-02-01T14:27:10.4909555+05:30" testType="13cdc9d9-ddb5-4fa4-a97d-d965ccfc6d4b" outcome="Passed" testListId="8c84fa94-04c1-424b-9868-57a2d4851a1d" relativeResultsDirectory="5e76bbd3-ec6a-4158-a07d-ae801919bd8e">
    </UnitTestResult>
    <UnitTestResult executionId="9b69a39e-49f3-4154-b953-e777e18cf39f" testId="c8e18a40-adbc-f375-f653-5f34022e6b50" testName="ValidateMarsRoverStopsAtMinCoOrinatesOfPlateu" computerName="MCSAJJAN-PC" duration="00:00:00.0002145" startTime="2015-02-01T14:27:10.4939556+05:30" endTime="2015-02-01T14:27:10.4989559+05:30" testType="13cdc9d9-ddb5-4fa4-a97d-d965ccfc6d4b" outcome="Passed" testListId="8c84fa94-04c1-424b-9868-57a2d4851a1d" relativeResultsDirectory="9b69a39e-49f3-4154-b953-e777e18cf39f">
    </UnitTestResult>
    <UnitTestResult executionId="023c7a8f-ed89-4da4-ac6d-610a11b61fe7" testId="d480ed2c-18df-809b-eb31-f1b3a8c88aea" testName="RunMarsRoverForInitialPosition12NAndCommandInstructionM" computerName="MCSAJJAN-PC" duration="00:00:00.0001920" startTime="2015-02-01T14:27:10.5009560+05:30" endTime="2015-02-01T14:27:10.5059563+05:30" testType="13cdc9d9-ddb5-4fa4-a97d-d965ccfc6d4b" outcome="Passed" testListId="8c84fa94-04c1-424b-9868-57a2d4851a1d" relativeResultsDirectory="023c7a8f-ed89-4da4-ac6d-610a11b61fe7">
    </UnitTestResult>
    <UnitTestResult executionId="0e958946-969f-474e-8cda-7757df231908" testId="df3ed798-4ead-6d37-e37c-f653d4275a8a" testName="ExecuteCommandCenterHavingSingleRover" computerName="MCSAJJAN-PC" duration="00:00:00.0002603" startTime="2015-02-01T14:27:10.5089565+05:30" endTime="2015-02-01T14:27:10.5139568+05:30" testType="13cdc9d9-ddb5-4fa4-a97d-d965ccfc6d4b" outcome="Passed" testListId="8c84fa94-04c1-424b-9868-57a2d4851a1d" relativeResultsDirectory="0e958946-969f-474e-8cda-7757df231908">
    </UnitTestResult>
    <UnitTestResult executionId="82057ccf-997a-4803-a7a2-cac5dbb4e49f" testId="e246197b-4e65-e6f8-8825-4f0c123a19fa" testName="RunMarsRoverForInitialPosition12NAndCommandInstructionRRMMMR" computerName="MCSAJJAN-PC" duration="00:00:00.0001916" startTime="2015-02-01T14:27:10.5169570+05:30" endTime="2015-02-01T14:27:10.5209572+05:30" testType="13cdc9d9-ddb5-4fa4-a97d-d965ccfc6d4b" outcome="Passed" testListId="8c84fa94-04c1-424b-9868-57a2d4851a1d" relativeResultsDirectory="82057ccf-997a-4803-a7a2-cac5dbb4e49f">
    </UnitTestResult>
    <UnitTestResult executionId="0e39f9ca-3e13-481a-a289-ef17318b0218" testId="ef56b814-44c2-e2df-a1c3-f7bbabb64af3" testName="CanaryTest" computerName="MCSAJJAN-PC" duration="00:00:00.0001303" startTime="2015-02-01T14:27:10.5229573+05:30" endTime="2015-02-01T14:27:10.5289576+05:30" testType="13cdc9d9-ddb5-4fa4-a97d-d965ccfc6d4b" outcome="Passed" testListId="8c84fa94-04c1-424b-9868-57a2d4851a1d" relativeResultsDirectory="0e39f9ca-3e13-481a-a289-ef17318b0218">
    </UnitTestResult>
  </Results>
</TestRun>