<?xml version="1.0" encoding="UTF-8"?>
<TestRun id="8240ca4d-ce34-48e5-a5de-155faf7a0e16" name="mcsajjan@MCSAJJAN-PC 2015-02-01 14:43:42" runUser="mcsajjan-PC\mcsajjan" xmlns="http://microsoft.com/schemas/VisualStudio/TeamTest/2010">
  <TestSettings name="Local" id="1c2ea94c-a709-4dbc-9351-8217ff832792">
    <Description>These are default test settings for a local test run.</Description>
    <Deployment enabled="false" runDeploymentRoot="mcsajjan_MCSAJJAN-PC 2015-02-01 14_43_42">
      <DeploymentItem filename="D:\Office\SamplePrograms\Test Driven Development\ThoughtWorks\PureTDD\MarsRovers - Refactored\MarsRovers.CommandCenter\bin\Debug\MarsRovers.CommandCenter.dll" />
      <DeploymentItem filename="D:\Office\SamplePrograms\Test Driven Development\ThoughtWorks\PureTDD\MarsRovers - Refactored\MarsRovers\bin\Debug\MarsRovers.exe" />
    </Deployment>
    <Execution>
      <TestTypeSpecific />
      <AgentRule name="Execution Agents">
      </AgentRule>
    </Execution>
  </TestSettings>
  <Times creation="2015-02-01T14:43:42.7337085+05:30" queuing="2015-02-01T14:43:43.6477608+05:30" start="2015-02-01T14:43:43.6787626+05:30" finish="2015-02-01T14:43:44.6528183+05:30" />
  <ResultSummary outcome="Completed">
    <Counters total="16" executed="16" passed="16" error="0" failed="0" timeout="0" aborted="0" inconclusive="0" passedButRunAborted="0" notRunnable="0" notExecuted="0" disconnected="0" warning="0" completed="0" inProgress="0" pending="0" />
  </ResultSummary>
  <TestDefinitions>
    <UnitTest name="RunMarsRoverForInitialPosition12NAndCommandInstructionL" storage="d:\office\sampleprograms\test driven development\thoughtworks\puretdd\marsrovers - refactored\tests\marsrovers.commandcenter.tests\bin\debug\marsrovers.commandcenter.tests.dll" id="6add42ec-d937-f62b-2021-e77365dd7357">
      <Description>Rum Mars rover for the initial position 12N and commandinstruction L</Description>
      <Execution id="e5a427a2-50b3-4d6b-aedd-3073337bf70b" />
      <TestMethod codeBase="D:/Office/SamplePrograms/Test Driven Development/ThoughtWorks/PureTDD/MarsRovers - Refactored/Tests/MarsRovers.CommandCenter.Tests/bin/Debug/MarsRovers.CommandCenter.Tests.DLL" adapterTypeName="Microsoft.VisualStudio.TestTools.TestTypes.Unit.UnitTestAdapter, Microsoft.VisualStudio.QualityTools.Tips.UnitTest.Adapter, Version=10.0.0.0, Culture=neutral, PublicKeyToken=b03f5f7f11d50a3a" className="MarsRovers.CommandCenter.Tests.MarsRoverTest, MarsRovers.CommandCenter.Tests, Version=1.0.0.0, Culture=neutral, PublicKeyToken=null" name="RunMarsRoverForInitialPosition12NAndCommandInstructionL" />
    </UnitTest>
    <UnitTest name="RunMarsRoverForInitialPosition12NAndCommandInstructionLMMR" storage="d:\office\sampleprograms\test driven development\thoughtworks\puretdd\marsrovers - refactored\tests\marsrovers.commandcenter.tests\bin\debug\marsrovers.commandcenter.tests.dll" id="a48b6e19-9c60-2421-3254-b5acc0b0be30">
      <Description>Rum Mars rover for the initial position 12N and commandinstruction LMMR</Description>
      <Execution id="1b53db48-6ba3-4a34-a2f8-c8af9292edd8" />
      <TestMethod codeBase="D:/Office/SamplePrograms/Test Driven Development/ThoughtWorks/PureTDD/MarsRovers - Refactored/Tests/MarsRovers.CommandCenter.Tests/bin/Debug/MarsRovers.CommandCenter.Tests.DLL" adapterTypeName="Microsoft.VisualStudio.TestTools.TestTypes.Unit.UnitTestAdapter, Microsoft.VisualStudio.QualityTools.Tips.UnitTest.Adapter, Version=10.0.0.0, Culture=neutral, PublicKeyToken=b03f5f7f11d50a3a" className="MarsRovers.CommandCenter.Tests.MarsRoverTest, MarsRovers.CommandCenter.Tests, Version=1.0.0.0, Culture=neutral, PublicKeyToken=null" name="RunMarsRoverForInitialPosition12NAndCommandInstructionLMMR" />
    </UnitTest>
    <UnitTest name="RunMarsRoverForInitialPosition12NAndCommandInstructionRRMMMR" storage="d:\office\sampleprograms\test driven development\thoughtworks\puretdd\marsrovers - refactored\tests\marsrovers.commandcenter.tests\bin\debug\marsrovers.commandcenter.tests.dll" id="e246197b-4e65-e6f8-8825-4f0c123a19fa">
      <Description>Rum Mars rover for the initial position 12N and commandinstruction RRMMMR</Description>
      <Execution id="339d7148-f025-4d2c-80cb-371ddcea773a" />
      <TestMethod codeBase="D:/Office/SamplePrograms/Test Driven Development/ThoughtWorks/PureTDD/MarsRovers - Refactored/Tests/MarsRovers.CommandCenter.Tests/bin/Debug/MarsRovers.CommandCenter.Tests.DLL" adapterTypeName="Microsoft.VisualStudio.TestTools.TestTypes.Unit.UnitTestAdapter, Microsoft.VisualStudio.QualityTools.Tips.UnitTest.Adapter, Version=10.0.0.0, Culture=neutral, PublicKeyToken=b03f5f7f11d50a3a" className="MarsRovers.CommandCenter.Tests.MarsRoverTest, MarsRovers.CommandCenter.Tests, Version=1.0.0.0, Culture=neutral, PublicKeyToken=null" name="RunMarsRoverForInitialPosition12NAndCommandInstructionRRMMMR" />
    </UnitTest>
    <UnitTest name="CanaryTest" storage="d:\office\sampleprograms\test driven development\thoughtworks\puretdd\marsrovers - refactored\tests\marsrovers.functional.tests\bin\debug\marsrovers.functional.tests.dll" id="36ed5da5-079c-87f0-147c-812e0ec9733a">
      <Execution id="e7b05640-f55e-4992-b235-4cd6557e609b" />
      <TestMethod codeBase="D:/Office/SamplePrograms/Test Driven Development/ThoughtWorks/PureTDD/MarsRovers - Refactored/Tests/MarsRovers.Functional.Tests/bin/Debug/MarsRovers.Functional.Tests.DLL" adapterTypeName="Microsoft.VisualStudio.TestTools.TestTypes.Unit.UnitTestAdapter, Microsoft.VisualStudio.QualityTools.Tips.UnitTest.Adapter, Version=10.0.0.0, Culture=neutral, PublicKeyToken=b03f5f7f11d50a3a" className="MarsRovers.Functional.Tests.RoverCommandCenterTest, MarsRovers.Functional.Tests, Version=1.0.0.0, Culture=neutral, PublicKeyToken=null" name="CanaryTest" />
    </UnitTest>
    <UnitTest name="RunMarsRoverForInitialPosition12NAndCommandInstructionLL" storage="d:\office\sampleprograms\test driven development\thoughtworks\puretdd\marsrovers - refactored\tests\marsrovers.commandcenter.tests\bin\debug\marsrovers.commandcenter.tests.dll" id="10162e16-c5d7-68b8-692c-587433d3aaf1">
      <Description>Rum Mars rover for the initial position 12N and commandinstruction LL</Description>
      <Execution id="59950c4d-c403-4254-9d2d-651766bc68b6" />
      <TestMethod codeBase="D:/Office/SamplePrograms/Test Driven Development/ThoughtWorks/PureTDD/MarsRovers - Refactored/Tests/MarsRovers.CommandCenter.Tests/bin/Debug/MarsRovers.CommandCenter.Tests.DLL" adapterTypeName="Microsoft.VisualStudio.TestTools.TestTypes.Unit.UnitTestAdapter, Microsoft.VisualStudio.QualityTools.Tips.UnitTest.Adapter, Version=10.0.0.0, Culture=neutral, PublicKeyToken=b03f5f7f11d50a3a" className="MarsRovers.CommandCenter.Tests.MarsRoverTest, MarsRovers.CommandCenter.Tests, Version=1.0.0.0, Culture=neutral, PublicKeyToken=null" name="RunMarsRoverForInitialPosition12NAndCommandInstructionLL" />
    </UnitTest>
    <UnitTest name="CanaryTest" storage="d:\office\sampleprograms\test driven development\thoughtworks\puretdd\marsrovers - refactored\tests\marsrovers.commandcenter.tests\bin\debug\marsrovers.commandcenter.tests.dll" id="ef56b814-44c2-e2df-a1c3-f7bbabb64af3">
      <Execution id="0ad02c6e-4f8e-4c84-93c8-fb838c7c682f" />
      <TestMethod codeBase="D:/Office/SamplePrograms/Test Driven Development/ThoughtWorks/PureTDD/MarsRovers - Refactored/Tests/MarsRovers.CommandCenter.Tests/bin/Debug/MarsRovers.CommandCenter.Tests.DLL" adapterTypeName="Microsoft.VisualStudio.TestTools.TestTypes.Unit.UnitTestAdapter, Microsoft.VisualStudio.QualityTools.Tips.UnitTest.Adapter, Version=10.0.0.0, Culture=neutral, PublicKeyToken=b03f5f7f11d50a3a" className="MarsRovers.CommandCenter.Tests.MarsRoverTest, MarsRovers.CommandCenter.Tests, Version=1.0.0.0, Culture=neutral, PublicKeyToken=null" name="CanaryTest" />
    </UnitTest>
    <UnitTest name="ExecuteCommandCenterHavingTwoRoversPositionOverLapping" storage="d:\office\sampleprograms\test driven development\thoughtworks\puretdd\marsrovers - refactored\tests\marsrovers.functional.tests\bin\debug\marsrovers.functional.tests.dll" id="0d08e412-8515-2158-8e80-3ba3b763e029">
      <Description>Command center has two rovers, rover positions overlap</Description>
      <Execution id="269494b0-3442-4406-8922-db2d1d65b2ac" />
      <TestMethod codeBase="D:/Office/SamplePrograms/Test Driven Development/ThoughtWorks/PureTDD/MarsRovers - Refactored/Tests/MarsRovers.Functional.Tests/bin/Debug/MarsRovers.Functional.Tests.DLL" adapterTypeName="Microsoft.VisualStudio.TestTools.TestTypes.Unit.UnitTestAdapter, Microsoft.VisualStudio.QualityTools.Tips.UnitTest.Adapter, Version=10.0.0.0, Culture=neutral, PublicKeyToken=b03f5f7f11d50a3a" className="MarsRovers.Functional.Tests.RoverCommandCenterTest, MarsRovers.Functional.Tests, Version=1.0.0.0, Culture=neutral, PublicKeyToken=null" name="ExecuteCommandCenterHavingTwoRoversPositionOverLapping" />
    </UnitTest>
    <UnitTest name="ExecuteCommandCenterHavingSingleRover" storage="d:\office\sampleprograms\test driven development\thoughtworks\puretdd\marsrovers - refactored\tests\marsrovers.functional.tests\bin\debug\marsrovers.functional.tests.dll" id="df3ed798-4ead-6d37-e37c-f653d4275a8a">
      <Description>Command center has single rover, execute the command</Description>
      <Execution id="99347c24-aa82-48b9-b079-6d8b1d1fa102" />
      <TestMethod codeBase="D:/Office/SamplePrograms/Test Driven Development/ThoughtWorks/PureTDD/MarsRovers - Refactored/Tests/MarsRovers.Functional.Tests/bin/Debug/MarsRovers.Functional.Tests.DLL" adapterTypeName="Microsoft.VisualStudio.TestTools.TestTypes.Unit.UnitTestAdapter, Microsoft.VisualStudio.QualityTools.Tips.UnitTest.Adapter, Version=10.0.0.0, Culture=neutral, PublicKeyToken=b03f5f7f11d50a3a" className="MarsRovers.Functional.Tests.RoverCommandCenterTest, MarsRovers.Functional.Tests, Version=1.0.0.0, Culture=neutral, PublicKeyToken=null" name="ExecuteCommandCenterHavingSingleRover" />
    </UnitTest>
    <UnitTest name="RunMarsRoverForInitialPosition12NAndCommandInstructionR" storage="d:\office\sampleprograms\test driven development\thoughtworks\puretdd\marsrovers - refactored\tests\marsrovers.commandcenter.tests\bin\debug\marsrovers.commandcenter.tests.dll" id="4b66fc00-39e6-a142-659d-191f0cd517bd">
      <Description>Rum Mars rover for the initial position 12N and commandinstruction R</Description>
      <Execution id="76375737-f837-4aaf-a9a1-9807f44f603e" />
      <TestMethod codeBase="D:/Office/SamplePrograms/Test Driven Development/ThoughtWorks/PureTDD/MarsRovers - Refactored/Tests/MarsRovers.CommandCenter.Tests/bin/Debug/MarsRovers.CommandCenter.Tests.DLL" adapterTypeName="Microsoft.VisualStudio.TestTools.TestTypes.Unit.UnitTestAdapter, Microsoft.VisualStudio.QualityTools.Tips.UnitTest.Adapter, Version=10.0.0.0, Culture=neutral, PublicKeyToken=b03f5f7f11d50a3a" className="MarsRovers.CommandCenter.Tests.MarsRoverTest, MarsRovers.CommandCenter.Tests, Version=1.0.0.0, Culture=neutral, PublicKeyToken=null" name="RunMarsRoverForInitialPosition12NAndCommandInstructionR" />
    </UnitTest>
    <UnitTest name="RunMarsRoverForInitialPosition12NAndCommandInstructionMM" storage="d:\office\sampleprograms\test driven development\thoughtworks\puretdd\marsrovers - refactored\tests\marsrovers.commandcenter.tests\bin\debug\marsrovers.commandcenter.tests.dll" id="7a7f0264-a455-c6ba-2fa4-b91db6d514d9">
      <Description>Rum Mars rover for the initial position 12N and commandinstruction MM</Description>
      <Execution id="0e4848fb-3a00-4ddc-975e-219d5fb4b988" />
      <TestMethod codeBase="D:/Office/SamplePrograms/Test Driven Development/ThoughtWorks/PureTDD/MarsRovers - Refactored/Tests/MarsRovers.CommandCenter.Tests/bin/Debug/MarsRovers.CommandCenter.Tests.DLL" adapterTypeName="Microsoft.VisualStudio.TestTools.TestTypes.Unit.UnitTestAdapter, Microsoft.VisualStudio.QualityTools.Tips.UnitTest.Adapter, Version=10.0.0.0, Culture=neutral, PublicKeyToken=b03f5f7f11d50a3a" className="MarsRovers.CommandCenter.Tests.MarsRoverTest, MarsRovers.CommandCenter.Tests, Version=1.0.0.0, Culture=neutral, PublicKeyToken=null" name="RunMarsRoverForInitialPosition12NAndCommandInstructionMM" />
    </UnitTest>
    <UnitTest name="RunMarsRoverForInitialPosition12NAndCommandInstructionM" storage="d:\office\sampleprograms\test driven development\thoughtworks\puretdd\marsrovers - refactored\tests\marsrovers.commandcenter.tests\bin\debug\marsrovers.commandcenter.tests.dll" id="d480ed2c-18df-809b-eb31-f1b3a8c88aea">
      <Description>Rum Mars rover for the initial position 12N and commandinstruction M</Description>
      <Execution id="91b0eef8-65ce-4a2b-93bf-96520e4cede2" />
      <TestMethod codeBase="D:/Office/SamplePrograms/Test Driven Development/ThoughtWorks/PureTDD/MarsRovers - Refactored/Tests/MarsRovers.CommandCenter.Tests/bin/Debug/MarsRovers.CommandCenter.Tests.DLL" adapterTypeName="Microsoft.VisualStudio.TestTools.TestTypes.Unit.UnitTestAdapter, Microsoft.VisualStudio.QualityTools.Tips.UnitTest.Adapter, Version=10.0.0.0, Culture=neutral, PublicKeyToken=b03f5f7f11d50a3a" className="MarsRovers.CommandCenter.Tests.MarsRoverTest, MarsRovers.CommandCenter.Tests, Version=1.0.0.0, Culture=neutral, PublicKeyToken=null" name="RunMarsRoverForInitialPosition12NAndCommandInstructionM" />
    </UnitTest>
    <UnitTest name="ValidateMarsRoverStopsAtMaxCoOrinatesOfPlateu" storage="d:\office\sampleprograms\test driven development\thoughtworks\puretdd\marsrovers - refactored\tests\marsrovers.commandcenter.tests\bin\debug\marsrovers.commandcenter.tests.dll" id="41a79758-fd7c-f9a3-4ba6-ac36f986397f">
      <Description>Validate that mars roves stop at the max co-ordinates of the plateu</Description>
      <Execution id="0df02a3f-4506-42a7-9e15-8bd3e8f4bb96" />
      <TestMethod codeBase="D:/Office/SamplePrograms/Test Driven Development/ThoughtWorks/PureTDD/MarsRovers - Refactored/Tests/MarsRovers.CommandCenter.Tests/bin/Debug/MarsRovers.CommandCenter.Tests.DLL" adapterTypeName="Microsoft.VisualStudio.TestTools.TestTypes.Unit.UnitTestAdapter, Microsoft.VisualStudio.QualityTools.Tips.UnitTest.Adapter, Version=10.0.0.0, Culture=neutral, PublicKeyToken=b03f5f7f11d50a3a" className="MarsRovers.CommandCenter.Tests.MarsRoverTest, MarsRovers.CommandCenter.Tests, Version=1.0.0.0, Culture=neutral, PublicKeyToken=null" name="ValidateMarsRoverStopsAtMaxCoOrinatesOfPlateu" />
    </UnitTest>
    <UnitTest name="ValidateMarsRoverStopsAtMinCoOrinatesOfPlateu" storage="d:\office\sampleprograms\test driven development\thoughtworks\puretdd\marsrovers - refactored\tests\marsrovers.commandcenter.tests\bin\debug\marsrovers.commandcenter.tests.dll" id="c8e18a40-adbc-f375-f653-5f34022e6b50">
      <Description>Validate that mars roves stop at the mix co-ordinates of the plateu</Description>
      <Execution id="efd73cf0-1d00-4a6e-b3e3-6ff6bc72d4f7" />
      <TestMethod codeBase="D:/Office/SamplePrograms/Test Driven Development/ThoughtWorks/PureTDD/MarsRovers - Refactored/Tests/MarsRovers.CommandCenter.Tests/bin/Debug/MarsRovers.CommandCenter.Tests.DLL" adapterTypeName="Microsoft.VisualStudio.TestTools.TestTypes.Unit.UnitTestAdapter, Microsoft.VisualStudio.QualityTools.Tips.UnitTest.Adapter, Version=10.0.0.0, Culture=neutral, PublicKeyToken=b03f5f7f11d50a3a" className="MarsRovers.CommandCenter.Tests.MarsRoverTest, MarsRovers.CommandCenter.Tests, Version=1.0.0.0, Culture=neutral, PublicKeyToken=null" name="ValidateMarsRoverStopsAtMinCoOrinatesOfPlateu" />
    </UnitTest>
    <UnitTest name="RunMarsRoverForInitialPosition12NAndCommandInstructionRR" storage="d:\office\sampleprograms\test driven development\thoughtworks\puretdd\marsrovers - refactored\tests\marsrovers.commandcenter.tests\bin\debug\marsrovers.commandcenter.tests.dll" id="827560e0-810e-a968-87f0-3e784f1578a0">
      <Description>Rum Mars rover for the initial position 12N and commandinstruction RR</Description>
      <Execution id="a8ab274c-b5f1-4131-886e-0387f2ca29c9" />
      <TestMethod codeBase="D:/Office/SamplePrograms/Test Driven Development/ThoughtWorks/PureTDD/MarsRovers - Refactored/Tests/MarsRovers.CommandCenter.Tests/bin/Debug/MarsRovers.CommandCenter.Tests.DLL" adapterTypeName="Microsoft.VisualStudio.TestTools.TestTypes.Unit.UnitTestAdapter, Microsoft.VisualStudio.QualityTools.Tips.UnitTest.Adapter, Version=10.0.0.0, Culture=neutral, PublicKeyToken=b03f5f7f11d50a3a" className="MarsRovers.CommandCenter.Tests.MarsRoverTest, MarsRovers.CommandCenter.Tests, Version=1.0.0.0, Culture=neutral, PublicKeyToken=null" name="RunMarsRoverForInitialPosition12NAndCommandInstructionRR" />
    </UnitTest>
    <UnitTest name="RunMarsRoverForInitialPosition12NAndCommandInstructionLMR" storage="d:\office\sampleprograms\test driven development\thoughtworks\puretdd\marsrovers - refactored\tests\marsrovers.commandcenter.tests\bin\debug\marsrovers.commandcenter.tests.dll" id="340ff6ac-25d0-1517-e110-335822053db9">
      <Description>Rum Mars rover for the initial position 12N and commandinstruction LMR</Description>
      <Execution id="6c90e636-70bf-49b2-a9a3-839c5e2cd61f" />
      <TestMethod codeBase="D:/Office/SamplePrograms/Test Driven Development/ThoughtWorks/PureTDD/MarsRovers - Refactored/Tests/MarsRovers.CommandCenter.Tests/bin/Debug/MarsRovers.CommandCenter.Tests.DLL" adapterTypeName="Microsoft.VisualStudio.TestTools.TestTypes.Unit.UnitTestAdapter, Microsoft.VisualStudio.QualityTools.Tips.UnitTest.Adapter, Version=10.0.0.0, Culture=neutral, PublicKeyToken=b03f5f7f11d50a3a" className="MarsRovers.CommandCenter.Tests.MarsRoverTest, MarsRovers.CommandCenter.Tests, Version=1.0.0.0, Culture=neutral, PublicKeyToken=null" name="RunMarsRoverForInitialPosition12NAndCommandInstructionLMR" />
    </UnitTest>
    <UnitTest name="ExecuteCommandCenterHavingTwoRovers" storage="d:\office\sampleprograms\test driven development\thoughtworks\puretdd\marsrovers - refactored\tests\marsrovers.functional.tests\bin\debug\marsrovers.functional.tests.dll" id="77578eec-8fe2-8acf-b897-54a8a2370ae9">
      <Description>Command center has two rovers, execute the command</Description>
      <Execution id="b40a0aca-9196-46b6-9ea0-5e6c13704dbd" />
      <TestMethod codeBase="D:/Office/SamplePrograms/Test Driven Development/ThoughtWorks/PureTDD/MarsRovers - Refactored/Tests/MarsRovers.Functional.Tests/bin/Debug/MarsRovers.Functional.Tests.DLL" adapterTypeName="Microsoft.VisualStudio.TestTools.TestTypes.Unit.UnitTestAdapter, Microsoft.VisualStudio.QualityTools.Tips.UnitTest.Adapter, Version=10.0.0.0, Culture=neutral, PublicKeyToken=b03f5f7f11d50a3a" className="MarsRovers.Functional.Tests.RoverCommandCenterTest, MarsRovers.Functional.Tests, Version=1.0.0.0, Culture=neutral, PublicKeyToken=null" name="ExecuteCommandCenterHavingTwoRovers" />
    </UnitTest>
  </TestDefinitions>
  <TestLists>
    <TestList name="Results Not in a List" id="8c84fa94-04c1-424b-9868-57a2d4851a1d" />
    <TestList name="All Loaded Results" id="19431567-8539-422a-85d7-44ee4e166bda" />
  </TestLists>
  <TestEntries>
    <TestEntry testId="0d08e412-8515-2158-8e80-3ba3b763e029" executionId="269494b0-3442-4406-8922-db2d1d65b2ac" testListId="8c84fa94-04c1-424b-9868-57a2d4851a1d" />
    <TestEntry testId="10162e16-c5d7-68b8-692c-587433d3aaf1" executionId="59950c4d-c403-4254-9d2d-651766bc68b6" testListId="8c84fa94-04c1-424b-9868-57a2d4851a1d" />
    <TestEntry testId="340ff6ac-25d0-1517-e110-335822053db9" executionId="6c90e636-70bf-49b2-a9a3-839c5e2cd61f" testListId="8c84fa94-04c1-424b-9868-57a2d4851a1d" />
    <TestEntry testId="36ed5da5-079c-87f0-147c-812e0ec9733a" executionId="e7b05640-f55e-4992-b235-4cd6557e609b" testListId="8c84fa94-04c1-424b-9868-57a2d4851a1d" />
    <TestEntry testId="41a79758-fd7c-f9a3-4ba6-ac36f986397f" executionId="0df02a3f-4506-42a7-9e15-8bd3e8f4bb96" testListId="8c84fa94-04c1-424b-9868-57a2d4851a1d" />
    <TestEntry testId="4b66fc00-39e6-a142-659d-191f0cd517bd" executionId="76375737-f837-4aaf-a9a1-9807f44f603e" testListId="8c84fa94-04c1-424b-9868-57a2d4851a1d" />
    <TestEntry testId="6add42ec-d937-f62b-2021-e77365dd7357" executionId="e5a427a2-50b3-4d6b-aedd-3073337bf70b" testListId="8c84fa94-04c1-424b-9868-57a2d4851a1d" />
    <TestEntry testId="77578eec-8fe2-8acf-b897-54a8a2370ae9" executionId="b40a0aca-9196-46b6-9ea0-5e6c13704dbd" testListId="8c84fa94-04c1-424b-9868-57a2d4851a1d" />
    <TestEntry testId="7a7f0264-a455-c6ba-2fa4-b91db6d514d9" executionId="0e4848fb-3a00-4ddc-975e-219d5fb4b988" testListId="8c84fa94-04c1-424b-9868-57a2d4851a1d" />
    <TestEntry testId="827560e0-810e-a968-87f0-3e784f1578a0" executionId="a8ab274c-b5f1-4131-886e-0387f2ca29c9" testListId="8c84fa94-04c1-424b-9868-57a2d4851a1d" />
    <TestEntry testId="a48b6e19-9c60-2421-3254-b5acc0b0be30" executionId="1b53db48-6ba3-4a34-a2f8-c8af9292edd8" testListId="8c84fa94-04c1-424b-9868-57a2d4851a1d" />
    <TestEntry testId="c8e18a40-adbc-f375-f653-5f34022e6b50" executionId="efd73cf0-1d00-4a6e-b3e3-6ff6bc72d4f7" testListId="8c84fa94-04c1-424b-9868-57a2d4851a1d" />
    <TestEntry testId="d480ed2c-18df-809b-eb31-f1b3a8c88aea" executionId="91b0eef8-65ce-4a2b-93bf-96520e4cede2" testListId="8c84fa94-04c1-424b-9868-57a2d4851a1d" />
    <TestEntry testId="df3ed798-4ead-6d37-e37c-f653d4275a8a" executionId="99347c24-aa82-48b9-b079-6d8b1d1fa102" testListId="8c84fa94-04c1-424b-9868-57a2d4851a1d" />
    <TestEntry testId="e246197b-4e65-e6f8-8825-4f0c123a19fa" executionId="339d7148-f025-4d2c-80cb-371ddcea773a" testListId="8c84fa94-04c1-424b-9868-57a2d4851a1d" />
    <TestEntry testId="ef56b814-44c2-e2df-a1c3-f7bbabb64af3" executionId="0ad02c6e-4f8e-4c84-93c8-fb838c7c682f" testListId="8c84fa94-04c1-424b-9868-57a2d4851a1d" />
  </TestEntries>
  <Results>
    <UnitTestResult executionId="269494b0-3442-4406-8922-db2d1d65b2ac" testId="0d08e412-8515-2158-8e80-3ba3b763e029" testName="ExecuteCommandCenterHavingTwoRoversPositionOverLapping" computerName="MCSAJJAN-PC" duration="00:00:00.0264300" startTime="2015-02-01T14:43:43.7277654+05:30" endTime="2015-02-01T14:43:44.1577900+05:30" testType="13cdc9d9-ddb5-4fa4-a97d-d965ccfc6d4b" outcome="Passed" testListId="8c84fa94-04c1-424b-9868-57a2d4851a1d" relativeResultsDirectory="269494b0-3442-4406-8922-db2d1d65b2ac">
    </UnitTestResult>
    <UnitTestResult executionId="59950c4d-c403-4254-9d2d-651766bc68b6" testId="10162e16-c5d7-68b8-692c-587433d3aaf1" testName="RunMarsRoverForInitialPosition12NAndCommandInstructionLL" computerName="MCSAJJAN-PC" duration="00:00:00.0123323" startTime="2015-02-01T14:43:44.1677905+05:30" endTime="2015-02-01T14:43:44.4828086+05:30" testType="13cdc9d9-ddb5-4fa4-a97d-d965ccfc6d4b" outcome="Passed" testListId="8c84fa94-04c1-424b-9868-57a2d4851a1d" relativeResultsDirectory="59950c4d-c403-4254-9d2d-651766bc68b6">
    </UnitTestResult>
    <UnitTestResult executionId="6c90e636-70bf-49b2-a9a3-839c5e2cd61f" testId="340ff6ac-25d0-1517-e110-335822053db9" testName="RunMarsRoverForInitialPosition12NAndCommandInstructionLMR" computerName="MCSAJJAN-PC" duration="00:00:00.0005270" startTime="2015-02-01T14:43:44.4868088+05:30" endTime="2015-02-01T14:43:44.4928091+05:30" testType="13cdc9d9-ddb5-4fa4-a97d-d965ccfc6d4b" outcome="Passed" testListId="8c84fa94-04c1-424b-9868-57a2d4851a1d" relativeResultsDirectory="6c90e636-70bf-49b2-a9a3-839c5e2cd61f">
    </UnitTestResult>
    <UnitTestResult executionId="e7b05640-f55e-4992-b235-4cd6557e609b" testId="36ed5da5-079c-87f0-147c-812e0ec9733a" testName="CanaryTest" computerName="MCSAJJAN-PC" duration="00:00:00.0001481" startTime="2015-02-01T14:43:44.4958093+05:30" endTime="2015-02-01T14:43:44.5008096+05:30" testType="13cdc9d9-ddb5-4fa4-a97d-d965ccfc6d4b" outcome="Passed" testListId="8c84fa94-04c1-424b-9868-57a2d4851a1d" relativeResultsDirectory="e7b05640-f55e-4992-b235-4cd6557e609b">
    </UnitTestResult>
    <UnitTestResult executionId="0df02a3f-4506-42a7-9e15-8bd3e8f4bb96" testId="41a79758-fd7c-f9a3-4ba6-ac36f986397f" testName="ValidateMarsRoverStopsAtMaxCoOrinatesOfPlateu" computerName="MCSAJJAN-PC" duration="00:00:00.0003638" startTime="2015-02-01T14:43:44.5028097+05:30" endTime="2015-02-01T14:43:44.5078100+05:30" testType="13cdc9d9-ddb5-4fa4-a97d-d965ccfc6d4b" outcome="Passed" testListId="8c84fa94-04c1-424b-9868-57a2d4851a1d" relativeResultsDirectory="0df02a3f-4506-42a7-9e15-8bd3e8f4bb96">
    </UnitTestResult>
    <UnitTestResult executionId="76375737-f837-4aaf-a9a1-9807f44f603e" testId="4b66fc00-39e6-a142-659d-191f0cd517bd" testName="RunMarsRoverForInitialPosition12NAndCommandInstructionR" computerName="MCSAJJAN-PC" duration="00:00:00.0001908" startTime="2015-02-01T14:43:44.5108102+05:30" endTime="2015-02-01T14:43:44.5158104+05:30" testType="13cdc9d9-ddb5-4fa4-a97d-d965ccfc6d4b" outcome="Passed" testListId="8c84fa94-04c1-424b-9868-57a2d4851a1d" relativeResultsDirectory="76375737-f837-4aaf-a9a1-9807f44f603e">
    </UnitTestResult>
    <UnitTestResult executionId="e5a427a2-50b3-4d6b-aedd-3073337bf70b" testId="6add42ec-d937-f62b-2021-e77365dd7357" testName="RunMarsRoverForInitialPosition12NAndCommandInstructionL" computerName="MCSAJJAN-PC" duration="00:00:00.0001924" startTime="2015-02-01T14:43:44.5208107+05:30" endTime="2015-02-01T14:43:44.5258110+05:30" testType="13cdc9d9-ddb5-4fa4-a97d-d965ccfc6d4b" outcome="Passed" testListId="8c84fa94-04c1-424b-9868-57a2d4851a1d" relativeResultsDirectory="e5a427a2-50b3-4d6b-aedd-3073337bf70b">
    </UnitTestResult>
    <UnitTestResult executionId="b40a0aca-9196-46b6-9ea0-5e6c13704dbd" testId="77578eec-8fe2-8acf-b897-54a8a2370ae9" testName="ExecuteCommandCenterHavingTwoRovers" computerName="MCSAJJAN-PC" duration="00:00:00.0003263" startTime="2015-02-01T14:43:44.5278111+05:30" endTime="2015-02-01T14:43:44.5338115+05:30" testType="13cdc9d9-ddb5-4fa4-a97d-d965ccfc6d4b" outcome="Passed" testListId="8c84fa94-04c1-424b-9868-57a2d4851a1d" relativeResultsDirectory="b40a0aca-9196-46b6-9ea0-5e6c13704dbd">
    </UnitTestResult>
    <UnitTestResult executionId="0e4848fb-3a00-4ddc-975e-219d5fb4b988" testId="7a7f0264-a455-c6ba-2fa4-b91db6d514d9" testName="RunMarsRoverForInitialPosition12NAndCommandInstructionMM" computerName="MCSAJJAN-PC" duration="00:00:00.0001983" startTime="2015-02-01T14:43:44.5358116+05:30" endTime="2015-02-01T14:43:44.5418119+05:30" testType="13cdc9d9-ddb5-4fa4-a97d-d965ccfc6d4b" outcome="Passed" testListId="8c84fa94-04c1-424b-9868-57a2d4851a1d" relativeResultsDirectory="0e4848fb-3a00-4ddc-975e-219d5fb4b988">
    </UnitTestResult>
    <UnitTestResult executionId="a8ab274c-b5f1-4131-886e-0387f2ca29c9" testId="827560e0-810e-a968-87f0-3e784f1578a0" testName="RunMarsRoverForInitialPosition12NAndCommandInstructionRR" computerName="MCSAJJAN-PC" duration="00:00:00.0001991" startTime="2015-02-01T14:43:44.5438120+05:30" endTime="2015-02-01T14:43:44.5488123+05:30" testType="13cdc9d9-ddb5-4fa4-a97d-d965ccfc6d4b" outcome="Passed" testListId="8c84fa94-04c1-424b-9868-57a2d4851a1d" relativeResultsDirectory="a8ab274c-b5f1-4131-886e-0387f2ca29c9">
    </UnitTestResult>
    <UnitTestResult executionId="1b53db48-6ba3-4a34-a2f8-c8af9292edd8" testId="a48b6e19-9c60-2421-3254-b5acc0b0be30" testName="RunMarsRoverForInitialPosition12NAndCommandInstructionLMMR" computerName="MCSAJJAN-PC" duration="00:00:00.0001963" startTime="2015-02-01T14:43:44.5508124+05:30" endTime="2015-02-01T14:43:44.5558127+05:30" testType="13cdc9d9-ddb5-4fa4-a97d-d965ccfc6d4b" outcome="Passed" testListId="8c84fa94-04c1-424b-9868-57a2d4851a1d" relativeResultsDirectory="1b53db48-6ba3-4a34-a2f8-c8af9292edd8">
    </UnitTestResult>
    <UnitTestResult executionId="efd73cf0-1d00-4a6e-b3e3-6ff6bc72d4f7" testId="c8e18a40-adbc-f375-f653-5f34022e6b50" testName="ValidateMarsRoverStopsAtMinCoOrinatesOfPlateu" computerName="MCSAJJAN-PC" duration="00:00:00.0002133" startTime="2015-02-01T14:43:44.5588129+05:30" endTime="2015-02-01T14:43:44.5638132+05:30" testType="13cdc9d9-ddb5-4fa4-a97d-d965ccfc6d4b" outcome="Passed" testListId="8c84fa94-04c1-424b-9868-57a2d4851a1d" relativeResultsDirectory="efd73cf0-1d00-4a6e-b3e3-6ff6bc72d4f7">
    </UnitTestResult>
    <UnitTestResult executionId="91b0eef8-65ce-4a2b-93bf-96520e4cede2" testId="d480ed2c-18df-809b-eb31-f1b3a8c88aea" testName="RunMarsRoverForInitialPosition12NAndCommandInstructionM" computerName="MCSAJJAN-PC" duration="00:00:00.0001983" startTime="2015-02-01T14:43:44.5678134+05:30" endTime="2015-02-01T14:43:44.5718136+05:30" testType="13cdc9d9-ddb5-4fa4-a97d-d965ccfc6d4b" outcome="Passed" testListId="8c84fa94-04c1-424b-9868-57a2d4851a1d" relativeResultsDirectory="91b0eef8-65ce-4a2b-93bf-96520e4cede2">
    </UnitTestResult>
    <UnitTestResult executionId="99347c24-aa82-48b9-b079-6d8b1d1fa102" testId="df3ed798-4ead-6d37-e37c-f653d4275a8a" testName="ExecuteCommandCenterHavingSingleRover" computerName="MCSAJJAN-PC" duration="00:00:00.0002698" startTime="2015-02-01T14:43:44.5748138+05:30" endTime="2015-02-01T14:43:44.5798141+05:30" testType="13cdc9d9-ddb5-4fa4-a97d-d965ccfc6d4b" outcome="Passed" testListId="8c84fa94-04c1-424b-9868-57a2d4851a1d" relativeResultsDirectory="99347c24-aa82-48b9-b079-6d8b1d1fa102">
    </UnitTestResult>
    <UnitTestResult executionId="339d7148-f025-4d2c-80cb-371ddcea773a" testId="e246197b-4e65-e6f8-8825-4f0c123a19fa" testName="RunMarsRoverForInitialPosition12NAndCommandInstructionRRMMMR" computerName="MCSAJJAN-PC" duration="00:00:00.0001939" startTime="2015-02-01T14:43:44.5838143+05:30" endTime="2015-02-01T14:43:44.5878146+05:30" testType="13cdc9d9-ddb5-4fa4-a97d-d965ccfc6d4b" outcome="Passed" testListId="8c84fa94-04c1-424b-9868-57a2d4851a1d" relativeResultsDirectory="339d7148-f025-4d2c-80cb-371ddcea773a">
    </UnitTestResult>
    <UnitTestResult executionId="0ad02c6e-4f8e-4c84-93c8-fb838c7c682f" testId="ef56b814-44c2-e2df-a1c3-f7bbabb64af3" testName="CanaryTest" computerName="MCSAJJAN-PC" duration="00:00:00.0001355" startTime="2015-02-01T14:43:44.5908147+05:30" endTime="2015-02-01T14:43:44.5958150+05:30" testType="13cdc9d9-ddb5-4fa4-a97d-d965ccfc6d4b" outcome="Passed" testListId="8c84fa94-04c1-424b-9868-57a2d4851a1d" relativeResultsDirectory="0ad02c6e-4f8e-4c84-93c8-fb838c7c682f">
    </UnitTestResult>
  </Results>
</TestRun>